[ 2015-08-07T10:03:19+08:00 ] 192.168.1.8 /huawei/trouble/mobile/
INFO: [ app_init ] --START--
INFO: Run Behavior\BuildLiteBehavior [ RunTime:0.000000s ]
INFO: [ app_init ] --END-- [ RunTime:0.001000s ]

[ 2015-08-07T10:12:25+08:00 ] 192.168.1.8 /huawei/trouble/mobile/
INFO: [ app_init ] --START--
INFO: Run Behavior\BuildLiteBehavior [ RunTime:0.000000s ]
INFO: [ app_init ] --END-- [ RunTime:0.000000s ]

[ 2015-08-07T10:13:49+08:00 ] 192.168.1.8 /huawei/trouble/mobile/
INFO: [ app_init ] --START--
INFO: Run Behavior\BuildLiteBehavior [ RunTime:0.000000s ]
INFO: [ app_init ] --END-- [ RunTime:0.000000s ]

[ 2015-08-07T10:14:17+08:00 ] 192.168.1.8 /huawei/trouble/mobile/
INFO: [ app_init ] --START--
INFO: Run Behavior\BuildLiteBehavior [ RunTime:0.000000s ]
INFO: [ app_init ] --END-- [ RunTime:0.001000s ]

[ 2015-08-07T10:39:34+08:00 ] 192.168.1.8 /huawei/trouble/mobile/
INFO: [ app_init ] --START--
INFO: Run Behavior\BuildLiteBehavior [ RunTime:0.000000s ]
INFO: [ app_init ] --END-- [ RunTime:0.001001s ]

[ 2015-08-07T10:40:27+08:00 ] 192.168.1.8 /huawei/trouble/mobile/
INFO: [ app_init ] --START--
INFO: Run Behavior\BuildLiteBehavior [ RunTime:0.000000s ]
INFO: [ app_init ] --END-- [ RunTime:0.001000s ]

[ 2015-08-07T10:44:20+08:00 ] 192.168.1.8 /huawei/trouble/mobile/
INFO: [ app_init ] --START--
INFO: Run Behavior\BuildLiteBehavior [ RunTime:0.000000s ]
INFO: [ app_init ] --END-- [ RunTime:0.000000s ]

[ 2015-08-07T10:44:42+08:00 ] 192.168.1.8 /huawei/trouble/mobile/
INFO: [ app_init ] --START--
INFO: Run Behavior\BuildLiteBehavior [ RunTime:0.000000s ]
INFO: [ app_init ] --END-- [ RunTime:0.000000s ]

[ 2015-08-07T10:45:58+08:00 ] 192.168.1.8 /huawei/trouble/mobile/
INFO: [ app_init ] --START--
INFO: Run Behavior\BuildLiteBehavior [ RunTime:0.000000s ]
INFO: [ app_init ] --END-- [ RunTime:0.000000s ]

[ 2015-08-07T10:46:23+08:00 ] 192.168.1.8 /huawei/trouble/mobile/
INFO: [ app_init ] --START--
INFO: Run Behavior\BuildLiteBehavior [ RunTime:0.000000s ]
INFO: [ app_init ] --END-- [ RunTime:0.001000s ]

[ 2015-08-07T10:49:14+08:00 ] 192.168.1.8 /huawei/trouble/mobile/
INFO: [ app_init ] --START--
INFO: Run Behavior\BuildLiteBehavior [ RunTime:0.000000s ]
INFO: [ app_init ] --END-- [ RunTime:0.001000s ]

[ 2015-08-07T11:06:13+08:00 ] 192.168.1.8 /huawei/trouble/mobile/
INFO: [ app_init ] --START--
INFO: Run Behavior\BuildLiteBehavior [ RunTime:0.000000s ]
INFO: [ app_init ] --END-- [ RunTime:0.001000s ]

[ 2015-08-07T11:06:13+08:00 ] 192.168.1.8 /huawei/trouble/mobile/Public/images/5/beijing.png
INFO: [ app_init ] --START--
INFO: Run Behavior\BuildLiteBehavior [ RunTime:0.000000s ]
INFO: [ app_init ] --END-- [ RunTime:0.001000s ]

[ 2015-08-07T11:08:07+08:00 ] 192.168.1.8 /huawei/trouble/mobile/
INFO: [ app_init ] --START--
INFO: Run Behavior\BuildLiteBehavior [ RunTime:0.000000s ]
INFO: [ app_init ] --END-- [ RunTime:0.001000s ]

[ 2015-08-07T11:08:07+08:00 ] 192.168.1.8 /huawei/trouble/mobile/Public/images/5/beijing.png
INFO: [ app_init ] --START--
INFO: Run Behavior\BuildLiteBehavior [ RunTime:0.000000s ]
INFO: [ app_init ] --END-- [ RunTime:0.000000s ]

[ 2015-08-07T11:09:07+08:00 ] 192.168.1.8 /huawei/trouble/mobile/
INFO: [ app_init ] --START--
INFO: Run Behavior\BuildLiteBehavior [ RunTime:0.000000s ]
INFO: [ app_init ] --END-- [ RunTime:0.000000s ]

[ 2015-08-07T11:17:24+08:00 ] 192.168.1.8 /huawei/trouble/mobile/
INFO: [ app_init ] --START--
INFO: Run Behavior\BuildLiteBehavior [ RunTime:0.000000s ]
INFO: [ app_init ] --END-- [ RunTime:0.000000s ]

[ 2015-08-07T11:20:07+08:00 ] 192.168.1.8 /huawei/trouble/mobile/
INFO: [ app_init ] --START--
INFO: Run Behavior\BuildLiteBehavior [ RunTime:0.000000s ]
INFO: [ app_init ] --END-- [ RunTime:0.001000s ]

[ 2015-08-07T11:27:14+08:00 ] 192.168.1.8 /huawei/trouble/mobile/
INFO: [ app_init ] --START--
INFO: Run Behavior\BuildLiteBehavior [ RunTime:0.000000s ]
INFO: [ app_init ] --END-- [ RunTime:0.000000s ]

[ 2015-08-07T11:28:19+08:00 ] 192.168.1.8 /huawei/trouble/mobile/
INFO: [ app_init ] --START--
INFO: Run Behavior\BuildLiteBehavior [ RunTime:0.000000s ]
INFO: [ app_init ] --END-- [ RunTime:0.000000s ]

[ 2015-08-07T11:41:12+08:00 ] 192.168.1.8 /huawei/trouble/mobile/
INFO: [ app_init ] --START--
INFO: Run Behavior\BuildLiteBehavior [ RunTime:0.000000s ]
INFO: [ app_init ] --END-- [ RunTime:0.001000s ]

[ 2015-08-07T11:41:54+08:00 ] 192.168.1.8 /huawei/trouble/mobile/
INFO: [ app_init ] --START--
INFO: Run Behavior\BuildLiteBehavior [ RunTime:0.000000s ]
INFO: [ app_init ] --END-- [ RunTime:0.000000s ]

[ 2015-08-07T11:42:09+08:00 ] 192.168.1.8 /huawei/trouble/mobile/
INFO: [ app_init ] --START--
INFO: Run Behavior\BuildLiteBehavior [ RunTime:0.000000s ]
INFO: [ app_init ] --END-- [ RunTime:0.001000s ]

[ 2015-08-07T11:42:25+08:00 ] 192.168.1.8 /huawei/trouble/mobile/
INFO: [ app_init ] --START--
INFO: Run Behavior\BuildLiteBehavior [ RunTime:0.000000s ]
INFO: [ app_init ] --END-- [ RunTime:0.001000s ]

[ 2015-08-07T11:43:56+08:00 ] 192.168.1.8 /huawei/trouble/mobile/
INFO: [ app_init ] --START--
INFO: Run Behavior\BuildLiteBehavior [ RunTime:0.000000s ]
INFO: [ app_init ] --END-- [ RunTime:0.000000s ]

[ 2015-08-07T11:44:11+08:00 ] 192.168.1.8 /huawei/trouble/mobile/
INFO: [ app_init ] --START--
INFO: Run Behavior\BuildLiteBehavior [ RunTime:0.000000s ]
INFO: [ app_init ] --END-- [ RunTime:0.001001s ]

[ 2015-08-07T11:45:00+08:00 ] 192.168.1.8 /huawei/trouble/mobile/
INFO: [ app_init ] --START--
INFO: Run Behavior\BuildLiteBehavior [ RunTime:0.000000s ]
INFO: [ app_init ] --END-- [ RunTime:0.000000s ]

[ 2015-08-07T11:45:26+08:00 ] 192.168.1.8 /huawei/trouble/mobile/
INFO: [ app_init ] --START--
INFO: Run Behavior\BuildLiteBehavior [ RunTime:0.000000s ]
INFO: [ app_init ] --END-- [ RunTime:0.000000s ]

[ 2015-08-07T11:46:08+08:00 ] 192.168.1.8 /huawei/trouble/mobile/
INFO: [ app_init ] --START--
INFO: Run Behavior\BuildLiteBehavior [ RunTime:0.000000s ]
INFO: [ app_init ] --END-- [ RunTime:0.000000s ]

[ 2015-08-07T11:46:09+08:00 ] 192.168.1.8 /huawei/trouble/mobile/Public/images/6/wenzi_2.png
INFO: [ app_init ] --START--
INFO: Run Behavior\BuildLiteBehavior [ RunTime:0.000000s ]
INFO: [ app_init ] --END-- [ RunTime:0.000000s ]

[ 2015-08-07T11:46:45+08:00 ] 192.168.1.8 /huawei/trouble/mobile/
INFO: [ app_init ] --START--
INFO: Run Behavior\BuildLiteBehavior [ RunTime:0.000000s ]
INFO: [ app_init ] --END-- [ RunTime:0.000000s ]

[ 2015-08-07T11:46:45+08:00 ] 192.168.1.8 /huawei/trouble/mobile/Public/images/6/wenzi_2.png
INFO: [ app_init ] --START--
INFO: Run Behavior\BuildLiteBehavior [ RunTime:0.000000s ]
INFO: [ app_init ] --END-- [ RunTime:0.000000s ]

[ 2015-08-07T11:46:59+08:00 ] 192.168.1.8 /huawei/trouble/mobile/
INFO: [ app_init ] --START--
INFO: Run Behavior\BuildLiteBehavior [ RunTime:0.000000s ]
INFO: [ app_init ] --END-- [ RunTime:0.001000s ]

[ 2015-08-07T11:47:00+08:00 ] 192.168.1.8 /huawei/trouble/mobile/Public/images/6/wenzi_2.png
INFO: [ app_init ] --START--
INFO: Run Behavior\BuildLiteBehavior [ RunTime:0.000000s ]
INFO: [ app_init ] --END-- [ RunTime:0.001000s ]

[ 2015-08-07T11:47:00+08:00 ] 192.168.1.8 /huawei/trouble/mobile/Public/images/6/wenzi_2.png
INFO: [ app_init ] --START--
INFO: Run Behavior\BuildLiteBehavior [ RunTime:0.000000s ]
INFO: [ app_init ] --END-- [ RunTime:0.001000s ]

[ 2015-08-07T11:48:57+08:00 ] 192.168.1.8 /huawei/trouble/mobile/
INFO: [ app_init ] --START--
INFO: Run Behavior\BuildLiteBehavior [ RunTime:0.000000s ]
INFO: [ app_init ] --END-- [ RunTime:0.000000s ]

[ 2015-08-07T11:48:57+08:00 ] 192.168.1.8 /huawei/trouble/mobile/Public/images/6/wenzi_2.png
INFO: [ app_init ] --START--
INFO: Run Behavior\BuildLiteBehavior [ RunTime:0.000000s ]
INFO: [ app_init ] --END-- [ RunTime:0.001000s ]

[ 2015-08-07T12:36:29+08:00 ] 192.168.1.8 /huawei/trouble/mobile/
INFO: [ app_init ] --START--
INFO: Run Behavior\BuildLiteBehavior [ RunTime:0.000000s ]
INFO: [ app_init ] --END-- [ RunTime:0.001000s ]

[ 2015-08-07T12:36:30+08:00 ] 192.168.1.8 /huawei/trouble/mobile/Public/images/6/wenzi_2.png
INFO: [ app_init ] --START--
INFO: Run Behavior\BuildLiteBehavior [ RunTime:0.000000s ]
INFO: [ app_init ] --END-- [ RunTime:0.001000s ]

[ 2015-08-07T12:41:33+08:00 ] 192.168.1.8 /huawei/trouble/mobile/
INFO: [ app_init ] --START--
INFO: Run Behavior\BuildLiteBehavior [ RunTime:0.000000s ]
INFO: [ app_init ] --END-- [ RunTime:0.000000s ]

[ 2015-08-07T12:41:33+08:00 ] 192.168.1.8 /huawei/trouble/mobile/Public/images/6/wenzi_2.png
INFO: [ app_init ] --START--
INFO: Run Behavior\BuildLiteBehavior [ RunTime:0.000000s ]
INFO: [ app_init ] --END-- [ RunTime:0.000000s ]

[ 2015-08-07T12:42:04+08:00 ] 192.168.1.8 /huawei/trouble/mobile/
INFO: [ app_init ] --START--
INFO: Run Behavior\BuildLiteBehavior [ RunTime:0.000000s ]
INFO: [ app_init ] --END-- [ RunTime:0.001000s ]

[ 2015-08-07T12:42:05+08:00 ] 192.168.1.8 /huawei/trouble/mobile/Public/images/6/wenzi_2.png
INFO: [ app_init ] --START--
INFO: Run Behavior\BuildLiteBehavior [ RunTime:0.000000s ]
INFO: [ app_init ] --END-- [ RunTime:0.000000s ]

[ 2015-08-07T12:42:05+08:00 ] 192.168.1.8 /huawei/trouble/mobile/Public/images/6/wenzi_2.png
INFO: [ app_init ] --START--
INFO: Run Behavior\BuildLiteBehavior [ RunTime:0.000000s ]
INFO: [ app_init ] --END-- [ RunTime:0.000000s ]

[ 2015-08-07T12:45:04+08:00 ] 192.168.1.8 /huawei/trouble/mobile/
INFO: [ app_init ] --START--
INFO: Run Behavior\BuildLiteBehavior [ RunTime:0.000000s ]
INFO: [ app_init ] --END-- [ RunTime:0.001000s ]

[ 2015-08-07T12:45:04+08:00 ] 192.168.1.8 /huawei/trouble/mobile/Public/images/6/wenzi_2.png
INFO: [ app_init ] --START--
INFO: Run Behavior\BuildLiteBehavior [ RunTime:0.000000s ]
INFO: [ app_init ] --END-- [ RunTime:0.000000s ]

[ 2015-08-07T12:45:05+08:00 ] 192.168.1.8 /huawei/trouble/mobile/Public/images/6/wenzi_2.png
INFO: [ app_init ] --START--
INFO: Run Behavior\BuildLiteBehavior [ RunTime:0.000000s ]
INFO: [ app_init ] --END-- [ RunTime:0.000000s ]

[ 2015-08-07T12:45:11+08:00 ] 192.168.1.8 /huawei/trouble/mobile/
INFO: [ app_init ] --START--
INFO: Run Behavior\BuildLiteBehavior [ RunTime:0.000000s ]
INFO: [ app_init ] --END-- [ RunTime:0.001000s ]

[ 2015-08-07T12:45:11+08:00 ] 192.168.1.8 /huawei/trouble/mobile/Public/images/6/wenzi_2.png
INFO: [ app_init ] --START--
INFO: Run Behavior\BuildLiteBehavior [ RunTime:0.000000s ]
INFO: [ app_init ] --END-- [ RunTime:0.001000s ]

[ 2015-08-07T12:47:26+08:00 ] 192.168.1.8 /huawei/trouble/mobile/
INFO: [ app_init ] --START--
INFO: Run Behavior\BuildLiteBehavior [ RunTime:0.000000s ]
INFO: [ app_init ] --END-- [ RunTime:0.000000s ]

[ 2015-08-07T12:47:27+08:00 ] 192.168.1.8 /huawei/trouble/mobile/Public/images/6/wenzi_2.png
INFO: [ app_init ] --START--
INFO: Run Behavior\BuildLiteBehavior [ RunTime:0.000000s ]
INFO: [ app_init ] --END-- [ RunTime:0.002000s ]

[ 2015-08-07T12:47:27+08:00 ] 192.168.1.8 /huawei/trouble/mobile/Public/images/6/wenzi_2.png
INFO: [ app_init ] --START--
INFO: Run Behavior\BuildLiteBehavior [ RunTime:0.000000s ]
INFO: [ app_init ] --END-- [ RunTime:0.000000s ]

[ 2015-08-07T12:47:43+08:00 ] 192.168.1.8 /huawei/trouble/mobile/
INFO: [ app_init ] --START--
INFO: Run Behavior\BuildLiteBehavior [ RunTime:0.000000s ]
INFO: [ app_init ] --END-- [ RunTime:0.001000s ]

[ 2015-08-07T12:47:43+08:00 ] 192.168.1.8 /huawei/trouble/mobile/Public/images/6/wenzi_2.png
INFO: [ app_init ] --START--
INFO: Run Behavior\BuildLiteBehavior [ RunTime:0.000000s ]
INFO: [ app_init ] --END-- [ RunTime:0.001000s ]

[ 2015-08-07T12:48:18+08:00 ] 192.168.1.8 /huawei/trouble/mobile/
INFO: [ app_init ] --START--
INFO: Run Behavior\BuildLiteBehavior [ RunTime:0.000000s ]
INFO: [ app_init ] --END-- [ RunTime:0.001000s ]

[ 2015-08-07T12:48:18+08:00 ] 192.168.1.8 /huawei/trouble/mobile/Public/images/6/wenzi_2.png
INFO: [ app_init ] --START--
INFO: Run Behavior\BuildLiteBehavior [ RunTime:0.000000s ]
INFO: [ app_init ] --END-- [ RunTime:0.000000s ]

[ 2015-08-07T12:48:18+08:00 ] 192.168.1.8 /huawei/trouble/mobile/Public/images/6/wenzi_2.png
INFO: [ app_init ] --START--
INFO: Run Behavior\BuildLiteBehavior [ RunTime:0.000000s ]
INFO: [ app_init ] --END-- [ RunTime:0.001000s ]

[ 2015-08-07T12:49:52+08:00 ] 192.168.1.8 /huawei/trouble/mobile/
INFO: [ app_init ] --START--
INFO: Run Behavior\BuildLiteBehavior [ RunTime:0.000000s ]
INFO: [ app_init ] --END-- [ RunTime:0.001000s ]

[ 2015-08-07T12:49:52+08:00 ] 192.168.1.8 /huawei/trouble/mobile/Public/images/6/wenzi_2.png
INFO: [ app_init ] --START--
INFO: Run Behavior\BuildLiteBehavior [ RunTime:0.000000s ]
INFO: [ app_init ] --END-- [ RunTime:0.001000s ]

[ 2015-08-07T12:49:57+08:00 ] 192.168.1.8 /huawei/trouble/mobile/
INFO: [ app_init ] --START--
INFO: Run Behavior\BuildLiteBehavior [ RunTime:0.000000s ]
INFO: [ app_init ] --END-- [ RunTime:0.000000s ]

[ 2015-08-07T12:49:57+08:00 ] 192.168.1.8 /huawei/trouble/mobile/Public/images/6/wenzi_2.png
INFO: [ app_init ] --START--
INFO: Run Behavior\BuildLiteBehavior [ RunTime:0.000000s ]
INFO: [ app_init ] --END-- [ RunTime:0.000000s ]

[ 2015-08-07T12:50:11+08:00 ] 192.168.1.8 /huawei/trouble/mobile/
INFO: [ app_init ] --START--
INFO: Run Behavior\BuildLiteBehavior [ RunTime:0.000000s ]
INFO: [ app_init ] --END-- [ RunTime:0.001001s ]

[ 2015-08-07T12:50:12+08:00 ] 192.168.1.8 /huawei/trouble/mobile/Public/images/6/wenzi_2.png
INFO: [ app_init ] --START--
INFO: Run Behavior\BuildLiteBehavior [ RunTime:0.000000s ]
INFO: [ app_init ] --END-- [ RunTime:0.001000s ]

[ 2015-08-07T12:51:11+08:00 ] 192.168.1.8 /huawei/trouble/mobile/
INFO: [ app_init ] --START--
INFO: Run Behavior\BuildLiteBehavior [ RunTime:0.000000s ]
INFO: [ app_init ] --END-- [ RunTime:0.000000s ]

[ 2015-08-07T12:51:11+08:00 ] 192.168.1.8 /huawei/trouble/mobile/Public/images/6/wenzi_2.png
INFO: [ app_init ] --START--
INFO: Run Behavior\BuildLiteBehavior [ RunTime:0.000000s ]
INFO: [ app_init ] --END-- [ RunTime:0.000000s ]

[ 2015-08-07T12:54:02+08:00 ] 192.168.1.8 /huawei/trouble/mobile/
INFO: [ app_init ] --START--
INFO: Run Behavior\BuildLiteBehavior [ RunTime:0.000000s ]
INFO: [ app_init ] --END-- [ RunTime:0.001000s ]

[ 2015-08-07T12:54:02+08:00 ] 192.168.1.8 /huawei/trouble/mobile/Public/images/6/wenzi_2.png
INFO: [ app_init ] --START--
INFO: Run Behavior\BuildLiteBehavior [ RunTime:0.000000s ]
INFO: [ app_init ] --END-- [ RunTime:0.000000s ]

[ 2015-08-07T12:54:39+08:00 ] 192.168.1.8 /huawei/trouble/mobile/
INFO: [ app_init ] --START--
INFO: Run Behavior\BuildLiteBehavior [ RunTime:0.000000s ]
INFO: [ app_init ] --END-- [ RunTime:0.000000s ]

[ 2015-08-07T12:54:39+08:00 ] 192.168.1.8 /huawei/trouble/mobile/Public/images/6/wenzi_2.png
INFO: [ app_init ] --START--
INFO: Run Behavior\BuildLiteBehavior [ RunTime:0.000000s ]
INFO: [ app_init ] --END-- [ RunTime:0.000000s ]

[ 2015-08-07T13:05:22+08:00 ] 192.168.1.8 /huawei/trouble/mobile/
INFO: [ app_init ] --START--
INFO: Run Behavior\BuildLiteBehavior [ RunTime:0.000000s ]
INFO: [ app_init ] --END-- [ RunTime:0.000000s ]

[ 2015-08-07T13:05:23+08:00 ] 192.168.1.8 /huawei/trouble/mobile/Public/images/6/wenzi_2.png
INFO: [ app_init ] --START--
INFO: Run Behavior\BuildLiteBehavior [ RunTime:0.000000s ]
INFO: [ app_init ] --END-- [ RunTime:0.000000s ]

[ 2015-08-07T13:16:55+08:00 ] 192.168.1.8 /huawei/trouble/mobile/
INFO: [ app_init ] --START--
INFO: Run Behavior\BuildLiteBehavior [ RunTime:0.000000s ]
INFO: [ app_init ] --END-- [ RunTime:0.000000s ]

[ 2015-08-07T13:16:55+08:00 ] 192.168.1.8 /huawei/trouble/mobile/Public/images/6/wenzi_2.png
INFO: [ app_init ] --START--
INFO: Run Behavior\BuildLiteBehavior [ RunTime:0.000000s ]
INFO: [ app_init ] --END-- [ RunTime:0.000000s ]

[ 2015-08-07T13:19:49+08:00 ] 192.168.1.8 /huawei/trouble/mobile/
INFO: [ app_init ] --START--
INFO: Run Behavior\BuildLiteBehavior [ RunTime:0.000000s ]
INFO: [ app_init ] --END-- [ RunTime:0.000000s ]

[ 2015-08-07T13:19:50+08:00 ] 192.168.1.8 /huawei/trouble/mobile/Public/images/6/wenzi_2.png
INFO: [ app_init ] --START--
INFO: Run Behavior\BuildLiteBehavior [ RunTime:0.000000s ]
INFO: [ app_init ] --END-- [ RunTime:0.000000s ]

[ 2015-08-07T13:19:50+08:00 ] 192.168.1.8 /huawei/trouble/mobile/Public/images/7/jianpan.png
INFO: [ app_init ] --START--
INFO: Run Behavior\BuildLiteBehavior [ RunTime:0.000000s ]
INFO: [ app_init ] --END-- [ RunTime:0.001000s ]

[ 2015-08-07T13:19:52+08:00 ] 192.168.1.8 /huawei/trouble/mobile/Public/images/6/wenzi_2.png
INFO: [ app_init ] --START--
INFO: Run Behavior\BuildLiteBehavior [ RunTime:0.000000s ]
INFO: [ app_init ] --END-- [ RunTime:0.000000s ]

[ 2015-08-07T13:19:53+08:00 ] 192.168.1.8 /huawei/trouble/mobile/Public/images/7/jianpan.png
INFO: [ app_init ] --START--
INFO: Run Behavior\BuildLiteBehavior [ RunTime:0.000000s ]
INFO: [ app_init ] --END-- [ RunTime:0.000000s ]

[ 2015-08-07T13:20:35+08:00 ] 192.168.1.8 /huawei/trouble/mobile/
INFO: [ app_init ] --START--
INFO: Run Behavior\BuildLiteBehavior [ RunTime:0.000000s ]
INFO: [ app_init ] --END-- [ RunTime:0.001000s ]

[ 2015-08-07T13:20:35+08:00 ] 192.168.1.8 /huawei/trouble/mobile/Public/images/6/wenzi_2.png
INFO: [ app_init ] --START--
INFO: Run Behavior\BuildLiteBehavior [ RunTime:0.000000s ]
INFO: [ app_init ] --END-- [ RunTime:0.002000s ]

[ 2015-08-07T13:20:36+08:00 ] 192.168.1.8 /huawei/trouble/mobile/Public/images/7/jianpan.png
INFO: [ app_init ] --START--
INFO: Run Behavior\BuildLiteBehavior [ RunTime:0.000000s ]
INFO: [ app_init ] --END-- [ RunTime:0.001000s ]

[ 2015-08-07T13:21:03+08:00 ] 192.168.1.8 /huawei/trouble/mobile/
INFO: [ app_init ] --START--
INFO: Run Behavior\BuildLiteBehavior [ RunTime:0.000000s ]
INFO: [ app_init ] --END-- [ RunTime:0.001000s ]

[ 2015-08-07T13:21:03+08:00 ] 192.168.1.8 /huawei/trouble/mobile/Public/images/6/wenzi_2.png
INFO: [ app_init ] --START--
INFO: Run Behavior\BuildLiteBehavior [ RunTime:0.000000s ]
INFO: [ app_init ] --END-- [ RunTime:0.001000s ]

[ 2015-08-07T13:46:53+08:00 ] 192.168.1.8 /huawei/trouble/mobile/
INFO: [ app_init ] --START--
INFO: Run Behavior\BuildLiteBehavior [ RunTime:0.000000s ]
INFO: [ app_init ] --END-- [ RunTime:0.001000s ]

[ 2015-08-07T13:46:53+08:00 ] 192.168.1.8 /huawei/trouble/mobile/Public/images/6/wenzi_2.png
INFO: [ app_init ] --START--
INFO: Run Behavior\BuildLiteBehavior [ RunTime:0.000000s ]
INFO: [ app_init ] --END-- [ RunTime:0.001001s ]

[ 2015-08-07T13:54:38+08:00 ] 192.168.1.8 /huawei/trouble/mobile/
INFO: [ app_init ] --START--
INFO: Run Behavior\BuildLiteBehavior [ RunTime:0.000000s ]
INFO: [ app_init ] --END-- [ RunTime:0.001000s ]

[ 2015-08-07T13:54:39+08:00 ] 192.168.1.8 /huawei/trouble/mobile/Public/images/6/wenzi_2.png
INFO: [ app_init ] --START--
INFO: Run Behavior\BuildLiteBehavior [ RunTime:0.000000s ]
INFO: [ app_init ] --END-- [ RunTime:0.000000s ]

[ 2015-08-07T13:54:48+08:00 ] 192.168.1.8 /huawei/trouble/mobile/Public/images/6/wenzi_2.png
INFO: [ app_init ] --START--
INFO: Run Behavior\BuildLiteBehavior [ RunTime:0.000000s ]
INFO: [ app_init ] --END-- [ RunTime:0.001000s ]

[ 2015-08-07T14:11:50+08:00 ] 192.168.1.8 /huawei/trouble/mobile/
INFO: [ app_init ] --START--
INFO: Run Behavior\BuildLiteBehavior [ RunTime:0.000000s ]
INFO: [ app_init ] --END-- [ RunTime:0.001000s ]

[ 2015-08-07T14:11:50+08:00 ] 192.168.1.8 /huawei/trouble/mobile/Public/images/7/xiaojianren/duihua_1.png
INFO: [ app_init ] --START--
INFO: Run Behavior\BuildLiteBehavior [ RunTime:0.000000s ]
INFO: [ app_init ] --END-- [ RunTime:0.001000s ]

[ 2015-08-07T14:11:50+08:00 ] 192.168.1.8 /huawei/trouble/mobile/Public/images/7/xiaojianren/duihua_4.png
INFO: [ app_init ] --START--
INFO: Run Behavior\BuildLiteBehavior [ RunTime:0.000000s ]
INFO: [ app_init ] --END-- [ RunTime:0.000000s ]

[ 2015-08-07T14:11:50+08:00 ] 192.168.1.8 /huawei/trouble/mobile/Public/images/7/xiaojianren/duihua_10.png
INFO: [ app_init ] --START--
INFO: Run Behavior\BuildLiteBehavior [ RunTime:0.000000s ]
INFO: [ app_init ] --END-- [ RunTime:0.001000s ]

[ 2015-08-07T14:11:50+08:00 ] 192.168.1.8 /huawei/trouble/mobile/Public/images/7/xiaojianren/duihua_11.png
INFO: [ app_init ] --START--
INFO: Run Behavior\BuildLiteBehavior [ RunTime:0.000000s ]
INFO: [ app_init ] --END-- [ RunTime:0.001000s ]

[ 2015-08-07T14:11:50+08:00 ] 192.168.1.8 /huawei/trouble/mobile/Public/images/7/xiaojianren/duihua_12.png
INFO: [ app_init ] --START--
INFO: Run Behavior\BuildLiteBehavior [ RunTime:0.000000s ]
INFO: [ app_init ] --END-- [ RunTime:0.001000s ]

[ 2015-08-07T14:11:50+08:00 ] 192.168.1.8 /huawei/trouble/mobile/Public/images/6/wenzi_2.png
INFO: [ app_init ] --START--
INFO: Run Behavior\BuildLiteBehavior [ RunTime:0.000000s ]
INFO: [ app_init ] --END-- [ RunTime:0.000000s ]

[ 2015-08-07T14:11:51+08:00 ] 192.168.1.8 /huawei/trouble/mobile/Public/images/7/xiaojianren/duihua_2.png
INFO: [ app_init ] --START--
INFO: Run Behavior\BuildLiteBehavior [ RunTime:0.000000s ]
INFO: [ app_init ] --END-- [ RunTime:0.001000s ]

[ 2015-08-07T14:11:51+08:00 ] 192.168.1.8 /huawei/trouble/mobile/Public/images/7/xiaojianren/duihua_9.png
INFO: [ app_init ] --START--
INFO: Run Behavior\BuildLiteBehavior [ RunTime:0.000000s ]
INFO: [ app_init ] --END-- [ RunTime:0.000000s ]

[ 2015-08-07T14:11:51+08:00 ] 192.168.1.8 /huawei/trouble/mobile/Public/images/7/xiaojianren/duihua_3.png
INFO: [ app_init ] --START--
INFO: Run Behavior\BuildLiteBehavior [ RunTime:0.000000s ]
INFO: [ app_init ] --END-- [ RunTime:0.000000s ]

[ 2015-08-07T14:13:45+08:00 ] 192.168.1.8 /huawei/trouble/mobile/
INFO: [ app_init ] --START--
INFO: Run Behavior\BuildLiteBehavior [ RunTime:0.000000s ]
INFO: [ app_init ] --END-- [ RunTime:0.001000s ]

[ 2015-08-07T14:13:46+08:00 ] 192.168.1.8 /huawei/trouble/mobile/Public/images/7/xiaojianren/duihua_1.png
INFO: [ app_init ] --START--
INFO: Run Behavior\BuildLiteBehavior [ RunTime:0.000000s ]
INFO: [ app_init ] --END-- [ RunTime:0.002000s ]

[ 2015-08-07T14:13:46+08:00 ] 192.168.1.8 /huawei/trouble/mobile/Public/images/7/xiaojianren/duihua_2.png
INFO: [ app_init ] --START--
INFO: Run Behavior\BuildLiteBehavior [ RunTime:0.000000s ]
INFO: [ app_init ] --END-- [ RunTime:0.002000s ]

[ 2015-08-07T14:13:46+08:00 ] 192.168.1.8 /huawei/trouble/mobile/Public/images/7/xiaojianren/duihua_11.png
INFO: [ app_init ] --START--
INFO: Run Behavior\BuildLiteBehavior [ RunTime:0.000000s ]
INFO: [ app_init ] --END-- [ RunTime:0.001000s ]

[ 2015-08-07T14:13:46+08:00 ] 192.168.1.8 /huawei/trouble/mobile/Public/images/7/xiaojianren/duihua_12.png
INFO: [ app_init ] --START--
INFO: Run Behavior\BuildLiteBehavior [ RunTime:0.000000s ]
INFO: [ app_init ] --END-- [ RunTime:0.001000s ]

[ 2015-08-07T14:13:46+08:00 ] 192.168.1.8 /huawei/trouble/mobile/Public/images/6/wenzi_2.png
INFO: [ app_init ] --START--
INFO: Run Behavior\BuildLiteBehavior [ RunTime:0.000000s ]
INFO: [ app_init ] --END-- [ RunTime:0.001000s ]

[ 2015-08-07T14:13:47+08:00 ] 192.168.1.8 /huawei/trouble/mobile/Public/images/7/xiaojianren/duihua_4.png
INFO: [ app_init ] --START--
INFO: Run Behavior\BuildLiteBehavior [ RunTime:0.000000s ]
INFO: [ app_init ] --END-- [ RunTime:0.000000s ]

[ 2015-08-07T14:13:47+08:00 ] 192.168.1.8 /huawei/trouble/mobile/Public/images/7/xiaojianren/duihua_9.png
INFO: [ app_init ] --START--
INFO: Run Behavior\BuildLiteBehavior [ RunTime:0.000000s ]
INFO: [ app_init ] --END-- [ RunTime:0.001000s ]

[ 2015-08-07T14:13:47+08:00 ] 192.168.1.8 /huawei/trouble/mobile/Public/images/7/xiaojianren/duihua_3.png
INFO: [ app_init ] --START--
INFO: Run Behavior\BuildLiteBehavior [ RunTime:0.000000s ]
INFO: [ app_init ] --END-- [ RunTime:0.001000s ]

[ 2015-08-07T14:13:47+08:00 ] 192.168.1.8 /huawei/trouble/mobile/Public/images/7/xiaojianren/duihua_10.png
INFO: [ app_init ] --START--
INFO: Run Behavior\BuildLiteBehavior [ RunTime:0.000000s ]
INFO: [ app_init ] --END-- [ RunTime:0.000000s ]

[ 2015-08-07T14:14:37+08:00 ] 192.168.1.8 /huawei/trouble/mobile/
INFO: [ app_init ] --START--
INFO: Run Behavior\BuildLiteBehavior [ RunTime:0.000000s ]
INFO: [ app_init ] --END-- [ RunTime:0.000000s ]

[ 2015-08-07T14:14:37+08:00 ] 192.168.1.8 /huawei/trouble/mobile/Public/images/7/xiaojianren/duihua_3.png
INFO: [ app_init ] --START--
INFO: Run Behavior\BuildLiteBehavior [ RunTime:0.000000s ]
INFO: [ app_init ] --END-- [ RunTime:0.001000s ]

[ 2015-08-07T14:14:37+08:00 ] 192.168.1.8 /huawei/trouble/mobile/Public/images/7/xiaojianren/duihua_1.png
INFO: [ app_init ] --START--
INFO: Run Behavior\BuildLiteBehavior [ RunTime:0.000000s ]
INFO: [ app_init ] --END-- [ RunTime:0.001001s ]

[ 2015-08-07T14:14:37+08:00 ] 192.168.1.8 /huawei/trouble/mobile/Public/images/7/xiaojianren/duihua_4.png
INFO: [ app_init ] --START--
INFO: Run Behavior\BuildLiteBehavior [ RunTime:0.000000s ]
INFO: [ app_init ] --END-- [ RunTime:0.001000s ]

[ 2015-08-07T14:14:37+08:00 ] 192.168.1.8 /huawei/trouble/mobile/Public/images/7/xiaojianren/duihua_2.png
INFO: [ app_init ] --START--
INFO: Run Behavior\BuildLiteBehavior [ RunTime:0.000000s ]
INFO: [ app_init ] --END-- [ RunTime:0.001000s ]

[ 2015-08-07T14:14:37+08:00 ] 192.168.1.8 /huawei/trouble/mobile/Public/images/7/xiaojianren/duihua_10.png
INFO: [ app_init ] --START--
INFO: Run Behavior\BuildLiteBehavior [ RunTime:0.000000s ]
INFO: [ app_init ] --END-- [ RunTime:0.000000s ]

[ 2015-08-07T14:14:37+08:00 ] 192.168.1.8 /huawei/trouble/mobile/Public/images/7/xiaojianren/duihua_12.png
INFO: [ app_init ] --START--
INFO: Run Behavior\BuildLiteBehavior [ RunTime:0.000000s ]
INFO: [ app_init ] --END-- [ RunTime:0.001000s ]

[ 2015-08-07T14:14:37+08:00 ] 192.168.1.8 /huawei/trouble/mobile/Public/images/6/wenzi_2.png
INFO: [ app_init ] --START--
INFO: Run Behavior\BuildLiteBehavior [ RunTime:0.000000s ]
INFO: [ app_init ] --END-- [ RunTime:0.000000s ]

[ 2015-08-07T14:14:38+08:00 ] 192.168.1.8 /huawei/trouble/mobile/Public/images/7/xiaojianren/duihua_9.png
INFO: [ app_init ] --START--
INFO: Run Behavior\BuildLiteBehavior [ RunTime:0.000000s ]
INFO: [ app_init ] --END-- [ RunTime:0.000000s ]

[ 2015-08-07T14:14:38+08:00 ] 192.168.1.8 /huawei/trouble/mobile/Public/images/7/xiaojianren/duihua_11.png
INFO: [ app_init ] --START--
INFO: Run Behavior\BuildLiteBehavior [ RunTime:0.000000s ]
INFO: [ app_init ] --END-- [ RunTime:0.001000s ]

[ 2015-08-07T14:15:29+08:00 ] 192.168.1.8 /huawei/trouble/mobile/
INFO: [ app_init ] --START--
INFO: Run Behavior\BuildLiteBehavior [ RunTime:0.000000s ]
INFO: [ app_init ] --END-- [ RunTime:0.000000s ]

[ 2015-08-07T14:15:29+08:00 ] 192.168.1.8 /huawei/trouble/mobile/Public/images/7/xiaojianren/duihua_1.png
INFO: [ app_init ] --START--
INFO: Run Behavior\BuildLiteBehavior [ RunTime:0.000000s ]
INFO: [ app_init ] --END-- [ RunTime:0.000000s ]

[ 2015-08-07T14:15:29+08:00 ] 192.168.1.8 /huawei/trouble/mobile/Public/images/7/xiaojianren/duihua_2.png
INFO: [ app_init ] --START--
INFO: Run Behavior\BuildLiteBehavior [ RunTime:0.000000s ]
INFO: [ app_init ] --END-- [ RunTime:0.001000s ]

[ 2015-08-07T14:15:29+08:00 ] 192.168.1.8 /huawei/trouble/mobile/Public/images/7/xiaojianren/duihua_3.png
INFO: [ app_init ] --START--
INFO: Run Behavior\BuildLiteBehavior [ RunTime:0.000000s ]
INFO: [ app_init ] --END-- [ RunTime:0.001000s ]

[ 2015-08-07T14:15:29+08:00 ] 192.168.1.8 /huawei/trouble/mobile/Public/images/7/xiaojianren/duihua_4.png
INFO: [ app_init ] --START--
INFO: Run Behavior\BuildLiteBehavior [ RunTime:0.000000s ]
INFO: [ app_init ] --END-- [ RunTime:0.001000s ]

[ 2015-08-07T14:15:29+08:00 ] 192.168.1.8 /huawei/trouble/mobile/Public/images/7/xiaojianren/duihua_10.png
INFO: [ app_init ] --START--
INFO: Run Behavior\BuildLiteBehavior [ RunTime:0.000000s ]
INFO: [ app_init ] --END-- [ RunTime:0.000000s ]

[ 2015-08-07T14:15:29+08:00 ] 192.168.1.8 /huawei/trouble/mobile/Public/images/7/xiaojianren/duihua_12.png
INFO: [ app_init ] --START--
INFO: Run Behavior\BuildLiteBehavior [ RunTime:0.000000s ]
INFO: [ app_init ] --END-- [ RunTime:0.001000s ]

[ 2015-08-07T14:15:29+08:00 ] 192.168.1.8 /huawei/trouble/mobile/Public/images/7/xiaojianren/duihua_11.png
INFO: [ app_init ] --START--
INFO: Run Behavior\BuildLiteBehavior [ RunTime:0.000000s ]
INFO: [ app_init ] --END-- [ RunTime:0.001000s ]

[ 2015-08-07T14:15:29+08:00 ] 192.168.1.8 /huawei/trouble/mobile/Public/images/6/wenzi_2.png
INFO: [ app_init ] --START--
INFO: Run Behavior\BuildLiteBehavior [ RunTime:0.000000s ]
INFO: [ app_init ] --END-- [ RunTime:0.000000s ]

[ 2015-08-07T14:15:30+08:00 ] 192.168.1.8 /huawei/trouble/mobile/Public/images/7/xiaojianren/duihua_9.png
INFO: [ app_init ] --START--
INFO: Run Behavior\BuildLiteBehavior [ RunTime:0.000000s ]
INFO: [ app_init ] --END-- [ RunTime:0.000000s ]

[ 2015-08-07T14:15:40+08:00 ] 192.168.1.8 /huawei/trouble/mobile/
INFO: [ app_init ] --START--
INFO: Run Behavior\BuildLiteBehavior [ RunTime:0.000000s ]
INFO: [ app_init ] --END-- [ RunTime:0.000000s ]

[ 2015-08-07T14:15:41+08:00 ] 192.168.1.8 /huawei/trouble/mobile/Public/images/7/xiaojianren/duihua_1.png
INFO: [ app_init ] --START--
INFO: Run Behavior\BuildLiteBehavior [ RunTime:0.000000s ]
INFO: [ app_init ] --END-- [ RunTime:0.000000s ]

[ 2015-08-07T14:15:41+08:00 ] 192.168.1.8 /huawei/trouble/mobile/Public/images/7/xiaojianren/duihua_3.png
INFO: [ app_init ] --START--
INFO: Run Behavior\BuildLiteBehavior [ RunTime:0.000000s ]
INFO: [ app_init ] --END-- [ RunTime:0.001000s ]

[ 2015-08-07T14:15:41+08:00 ] 192.168.1.8 /huawei/trouble/mobile/Public/images/7/xiaojianren/duihua_4.png
INFO: [ app_init ] --START--
INFO: Run Behavior\BuildLiteBehavior [ RunTime:0.000000s ]
INFO: [ app_init ] --END-- [ RunTime:0.001000s ]

[ 2015-08-07T14:15:41+08:00 ] 192.168.1.8 /huawei/trouble/mobile/Public/images/7/xiaojianren/duihua_11.png
INFO: [ app_init ] --START--
INFO: Run Behavior\BuildLiteBehavior [ RunTime:0.000000s ]
INFO: [ app_init ] --END-- [ RunTime:0.000000s ]

[ 2015-08-07T14:15:41+08:00 ] 192.168.1.8 /huawei/trouble/mobile/Public/images/7/xiaojianren/duihua_12.png
INFO: [ app_init ] --START--
INFO: Run Behavior\BuildLiteBehavior [ RunTime:0.000000s ]
INFO: [ app_init ] --END-- [ RunTime:0.002000s ]

[ 2015-08-07T14:15:41+08:00 ] 192.168.1.8 /huawei/trouble/mobile/Public/images/6/wenzi_2.png
INFO: [ app_init ] --START--
INFO: Run Behavior\BuildLiteBehavior [ RunTime:0.000000s ]
INFO: [ app_init ] --END-- [ RunTime:0.001000s ]

[ 2015-08-07T14:15:42+08:00 ] 192.168.1.8 /huawei/trouble/mobile/Public/images/7/xiaojianren/duihua_9.png
INFO: [ app_init ] --START--
INFO: Run Behavior\BuildLiteBehavior [ RunTime:0.000000s ]
INFO: [ app_init ] --END-- [ RunTime:0.000000s ]

[ 2015-08-07T14:15:42+08:00 ] 192.168.1.8 /huawei/trouble/mobile/Public/images/7/xiaojianren/duihua_10.png
INFO: [ app_init ] --START--
INFO: Run Behavior\BuildLiteBehavior [ RunTime:0.000000s ]
INFO: [ app_init ] --END-- [ RunTime:0.002000s ]

[ 2015-08-07T14:16:28+08:00 ] 192.168.1.8 /huawei/trouble/mobile/
INFO: [ app_init ] --START--
INFO: Run Behavior\BuildLiteBehavior [ RunTime:0.000000s ]
INFO: [ app_init ] --END-- [ RunTime:0.000000s ]

[ 2015-08-07T14:16:28+08:00 ] 192.168.1.8 /huawei/trouble/mobile/Public/images/6/wenzi_2.png
INFO: [ app_init ] --START--
INFO: Run Behavior\BuildLiteBehavior [ RunTime:0.000000s ]
INFO: [ app_init ] --END-- [ RunTime:0.000000s ]

[ 2015-08-07T14:16:44+08:00 ] 192.168.1.8 /huawei/trouble/mobile/
INFO: [ app_init ] --START--
INFO: Run Behavior\BuildLiteBehavior [ RunTime:0.000000s ]
INFO: [ app_init ] --END-- [ RunTime:0.001000s ]

[ 2015-08-07T14:16:45+08:00 ] 192.168.1.8 /huawei/trouble/mobile/Public/images/6/wenzi_2.png
INFO: [ app_init ] --START--
INFO: Run Behavior\BuildLiteBehavior [ RunTime:0.000000s ]
INFO: [ app_init ] --END-- [ RunTime:0.001000s ]

[ 2015-08-07T14:17:31+08:00 ] 192.168.1.8 /huawei/trouble/mobile/
INFO: [ app_init ] --START--
INFO: Run Behavior\BuildLiteBehavior [ RunTime:0.000000s ]
INFO: [ app_init ] --END-- [ RunTime:0.000000s ]

[ 2015-08-07T14:18:46+08:00 ] 192.168.1.8 /huawei/trouble/mobile/
INFO: [ app_init ] --START--
INFO: Run Behavior\BuildLiteBehavior [ RunTime:0.000000s ]
INFO: [ app_init ] --END-- [ RunTime:0.000000s ]

[ 2015-08-07T14:18:59+08:00 ] 192.168.1.8 /huawei/trouble/mobile/
INFO: [ app_init ] --START--
INFO: Run Behavior\BuildLiteBehavior [ RunTime:0.000000s ]
INFO: [ app_init ] --END-- [ RunTime:0.000000s ]

[ 2015-08-07T14:32:35+08:00 ] 192.168.1.8 /huawei/trouble/mobile/
INFO: [ app_init ] --START--
INFO: Run Behavior\BuildLiteBehavior [ RunTime:0.001000s ]
INFO: [ app_init ] --END-- [ RunTime:0.001000s ]

[ 2015-08-07T14:42:38+08:00 ] 192.168.1.8 /huawei/trouble/mobile/
INFO: [ app_init ] --START--
INFO: Run Behavior\BuildLiteBehavior [ RunTime:0.000000s ]
INFO: [ app_init ] --END-- [ RunTime:0.001000s ]

[ 2015-08-07T14:43:25+08:00 ] 192.168.1.8 /huawei/trouble/mobile/
INFO: [ app_init ] --START--
INFO: Run Behavior\BuildLiteBehavior [ RunTime:0.000000s ]
INFO: [ app_init ] --END-- [ RunTime:0.001000s ]

[ 2015-08-07T14:54:16+08:00 ] 192.168.1.8 /huawei/trouble/mobile/
INFO: [ app_init ] --START--
INFO: Run Behavior\BuildLiteBehavior [ RunTime:0.001000s ]
INFO: [ app_init ] --END-- [ RunTime:0.002000s ]

[ 2015-08-07T14:54:26+08:00 ] 192.168.1.8 /huawei/trouble/mobile/
INFO: [ app_init ] --START--
INFO: Run Behavior\BuildLiteBehavior [ RunTime:0.000000s ]
INFO: [ app_init ] --END-- [ RunTime:0.001000s ]

[ 2015-08-07T15:02:05+08:00 ] 192.168.1.8 /huawei/trouble/mobile/
INFO: [ app_init ] --START--
INFO: Run Behavior\BuildLiteBehavior [ RunTime:0.000000s ]
INFO: [ app_init ] --END-- [ RunTime:0.001000s ]

[ 2015-08-07T15:02:45+08:00 ] 192.168.1.8 /huawei/trouble/mobile/
INFO: [ app_init ] --START--
INFO: Run Behavior\BuildLiteBehavior [ RunTime:0.000000s ]
INFO: [ app_init ] --END-- [ RunTime:0.000000s ]

[ 2015-08-07T15:03:29+08:00 ] 192.168.1.8 /huawei/trouble/mobile/
INFO: [ app_init ] --START--
INFO: Run Behavior\BuildLiteBehavior [ RunTime:0.000000s ]
INFO: [ app_init ] --END-- [ RunTime:0.001000s ]

[ 2015-08-07T15:04:24+08:00 ] 192.168.1.8 /huawei/trouble/mobile/
INFO: [ app_init ] --START--
INFO: Run Behavior\BuildLiteBehavior [ RunTime:0.000000s ]
INFO: [ app_init ] --END-- [ RunTime:0.000000s ]

[ 2015-08-07T15:06:05+08:00 ] 192.168.1.8 /huawei/trouble/mobile/
INFO: [ app_init ] --START--
INFO: Run Behavior\BuildLiteBehavior [ RunTime:0.000000s ]
INFO: [ app_init ] --END-- [ RunTime:0.000000s ]

[ 2015-08-07T15:07:53+08:00 ] 192.168.1.8 /huawei/trouble/mobile/
INFO: [ app_init ] --START--
INFO: Run Behavior\BuildLiteBehavior [ RunTime:0.000000s ]
INFO: [ app_init ] --END-- [ RunTime:0.000000s ]

[ 2015-08-07T15:08:30+08:00 ] 192.168.1.8 /huawei/trouble/mobile/
INFO: [ app_init ] --START--
INFO: Run Behavior\BuildLiteBehavior [ RunTime:0.000000s ]
INFO: [ app_init ] --END-- [ RunTime:0.001000s ]

[ 2015-08-07T15:08:32+08:00 ] 192.168.1.8 /huawei/trouble/mobile/images/bg-scrollbar-track-y.png
INFO: [ app_init ] --START--
INFO: Run Behavior\BuildLiteBehavior [ RunTime:0.000000s ]
INFO: [ app_init ] --END-- [ RunTime:0.002000s ]

[ 2015-08-07T15:09:28+08:00 ] 192.168.1.8 /huawei/trouble/mobile/
INFO: [ app_init ] --START--
INFO: Run Behavior\BuildLiteBehavior [ RunTime:0.000000s ]
INFO: [ app_init ] --END-- [ RunTime:0.000000s ]

[ 2015-08-07T15:10:52+08:00 ] 192.168.1.8 /huawei/trouble/mobile/
INFO: [ app_init ] --START--
INFO: Run Behavior\BuildLiteBehavior [ RunTime:0.000000s ]
INFO: [ app_init ] --END-- [ RunTime:0.002000s ]

[ 2015-08-07T15:14:10+08:00 ] 192.168.1.8 /huawei/trouble/mobile/
INFO: [ app_init ] --START--
INFO: Run Behavior\BuildLiteBehavior [ RunTime:0.000000s ]
INFO: [ app_init ] --END-- [ RunTime:0.000000s ]

[ 2015-08-07T15:14:12+08:00 ] 192.168.1.8 /huawei/trouble/mobile/
INFO: [ app_init ] --START--
INFO: Run Behavior\BuildLiteBehavior [ RunTime:0.000000s ]
INFO: [ app_init ] --END-- [ RunTime:0.001000s ]

[ 2015-08-07T15:14:24+08:00 ] 192.168.1.8 /huawei/trouble/mobile/
INFO: [ app_init ] --START--
INFO: Run Behavior\BuildLiteBehavior [ RunTime:0.000000s ]
INFO: [ app_init ] --END-- [ RunTime:0.000000s ]

[ 2015-08-07T15:14:26+08:00 ] 192.168.1.8 /huawei/trouble/mobile/
INFO: [ app_init ] --START--
INFO: Run Behavior\BuildLiteBehavior [ RunTime:0.000000s ]
INFO: [ app_init ] --END-- [ RunTime:0.001000s ]

[ 2015-08-07T15:14:53+08:00 ] 192.168.1.100 /huawei/trouble/mobile/
INFO: [ app_init ] --START--
INFO: Run Behavior\BuildLiteBehavior [ RunTime:0.000000s ]
INFO: [ app_init ] --END-- [ RunTime:0.001001s ]

[ 2015-08-07T15:15:24+08:00 ] 192.168.1.8 /huawei/trouble/mobile/
INFO: [ app_init ] --START--
INFO: Run Behavior\BuildLiteBehavior [ RunTime:0.000000s ]
INFO: [ app_init ] --END-- [ RunTime:0.000000s ]

[ 2015-08-07T15:15:43+08:00 ] 192.168.1.8 /huawei/trouble/mobile/
INFO: [ app_init ] --START--
INFO: Run Behavior\BuildLiteBehavior [ RunTime:0.000000s ]
INFO: [ app_init ] --END-- [ RunTime:0.000000s ]

[ 2015-08-07T15:18:19+08:00 ] 192.168.1.8 /huawei/trouble/mobile/
INFO: [ app_init ] --START--
INFO: Run Behavior\BuildLiteBehavior [ RunTime:0.000000s ]
INFO: [ app_init ] --END-- [ RunTime:0.000000s ]

[ 2015-08-07T15:18:25+08:00 ] 192.168.1.8 /huawei/trouble/mobile/
INFO: [ app_init ] --START--
INFO: Run Behavior\BuildLiteBehavior [ RunTime:0.000000s ]
INFO: [ app_init ] --END-- [ RunTime:0.000000s ]

[ 2015-08-07T15:18:58+08:00 ] 192.168.1.8 /huawei/trouble/mobile/
INFO: [ app_init ] --START--
INFO: Run Behavior\BuildLiteBehavior [ RunTime:0.000000s ]
INFO: [ app_init ] --END-- [ RunTime:0.000000s ]

[ 2015-08-07T15:19:12+08:00 ] 192.168.1.8 /huawei/trouble/mobile/
INFO: [ app_init ] --START--
INFO: Run Behavior\BuildLiteBehavior [ RunTime:0.000000s ]
INFO: [ app_init ] --END-- [ RunTime:0.002000s ]

[ 2015-08-07T15:19:37+08:00 ] 192.168.1.8 /huawei/trouble/mobile/
INFO: [ app_init ] --START--
INFO: Run Behavior\BuildLiteBehavior [ RunTime:0.000000s ]
INFO: [ app_init ] --END-- [ RunTime:0.001000s ]

[ 2015-08-07T15:23:09+08:00 ] ::1 /huawei/trouble/mobile/
INFO: [ app_init ] --START--
INFO: Run Behavior\BuildLiteBehavior [ RunTime:0.000000s ]
INFO: [ app_init ] --END-- [ RunTime:0.001000s ]

[ 2015-08-07T15:23:10+08:00 ] ::1 /huawei/trouble/mobile/Public/lib/jquery/plus/jquery.tinyscrollbar.js
INFO: [ app_init ] --START--
INFO: Run Behavior\BuildLiteBehavior [ RunTime:0.000000s ]
INFO: [ app_init ] --END-- [ RunTime:0.000000s ]
ERR: 无法加载控制器:Public

[ 2015-08-07T15:23:27+08:00 ] ::1 /huawei/trouble/mobile/
INFO: [ app_init ] --START--
INFO: Run Behavior\BuildLiteBehavior [ RunTime:0.000000s ]
INFO: [ app_init ] --END-- [ RunTime:0.000000s ]

[ 2015-08-07T15:23:28+08:00 ] ::1 /huawei/trouble/mobile/Public/lib/jquery/plus/jquery.tinyscrollbar.js
INFO: [ app_init ] --START--
INFO: Run Behavior\BuildLiteBehavior [ RunTime:0.000000s ]
INFO: [ app_init ] --END-- [ RunTime:0.001000s ]
ERR: 无法加载控制器:Public

[ 2015-08-07T15:24:12+08:00 ] ::1 /huawei/trouble/mobile/
INFO: [ app_init ] --START--
INFO: Run Behavior\BuildLiteBehavior [ RunTime:0.000000s ]
INFO: [ app_init ] --END-- [ RunTime:0.000000s ]

[ 2015-08-07T15:24:37+08:00 ] ::1 /huawei/trouble/mobile/
INFO: [ app_init ] --START--
INFO: Run Behavior\BuildLiteBehavior [ RunTime:0.000000s ]
INFO: [ app_init ] --END-- [ RunTime:0.000000s ]

[ 2015-08-07T15:24:47+08:00 ] ::1 /huawei/trouble/mobile/
INFO: [ app_init ] --START--
INFO: Run Behavior\BuildLiteBehavior [ RunTime:0.000000s ]
INFO: [ app_init ] --END-- [ RunTime:0.001000s ]

[ 2015-08-07T15:39:10+08:00 ] 192.168.1.8 /huawei/trouble/mobile/
INFO: [ app_init ] --START--
INFO: Run Behavior\BuildLiteBehavior [ RunTime:0.000000s ]
INFO: [ app_init ] --END-- [ RunTime:0.000000s ]

[ 2015-08-07T15:40:06+08:00 ] 192.168.1.8 /huawei/trouble/mobile/
INFO: [ app_init ] --START--
INFO: Run Behavior\BuildLiteBehavior [ RunTime:0.000000s ]
INFO: [ app_init ] --END-- [ RunTime:0.000000s ]

[ 2015-08-07T15:40:18+08:00 ] 192.168.1.8 /huawei/trouble/mobile/
INFO: [ app_init ] --START--
INFO: Run Behavior\BuildLiteBehavior [ RunTime:0.000000s ]
INFO: [ app_init ] --END-- [ RunTime:0.001000s ]

[ 2015-08-07T15:42:56+08:00 ] 192.168.1.8 /huawei/trouble/mobile/
INFO: [ app_init ] --START--
INFO: Run Behavior\BuildLiteBehavior [ RunTime:0.000000s ]
INFO: [ app_init ] --END-- [ RunTime:0.000000s ]

[ 2015-08-07T15:43:24+08:00 ] 192.168.1.8 /huawei/trouble/mobile/
INFO: [ app_init ] --START--
INFO: Run Behavior\BuildLiteBehavior [ RunTime:0.000000s ]
INFO: [ app_init ] --END-- [ RunTime:0.000000s ]

[ 2015-08-07T15:45:13+08:00 ] 192.168.1.8 /huawei/trouble/mobile/
INFO: [ app_init ] --START--
INFO: Run Behavior\BuildLiteBehavior [ RunTime:0.000000s ]
INFO: [ app_init ] --END-- [ RunTime:0.000000s ]

[ 2015-08-07T15:45:26+08:00 ] 192.168.1.8 /huawei/trouble/mobile/
INFO: [ app_init ] --START--
INFO: Run Behavior\BuildLiteBehavior [ RunTime:0.000000s ]
INFO: [ app_init ] --END-- [ RunTime:0.000000s ]

[ 2015-08-07T15:45:42+08:00 ] 192.168.1.8 /huawei/trouble/mobile/
INFO: [ app_init ] --START--
INFO: Run Behavior\BuildLiteBehavior [ RunTime:0.000000s ]
INFO: [ app_init ] --END-- [ RunTime:0.001000s ]

[ 2015-08-07T15:47:09+08:00 ] 192.168.1.8 /huawei/trouble/mobile/
INFO: [ app_init ] --START--
INFO: Run Behavior\BuildLiteBehavior [ RunTime:0.000000s ]
INFO: [ app_init ] --END-- [ RunTime:0.001000s ]

[ 2015-08-07T15:47:49+08:00 ] 192.168.1.8 /huawei/trouble/mobile/
INFO: [ app_init ] --START--
INFO: Run Behavior\BuildLiteBehavior [ RunTime:0.000000s ]
INFO: [ app_init ] --END-- [ RunTime:0.000000s ]

[ 2015-08-07T15:47:59+08:00 ] 192.168.1.8 /huawei/trouble/mobile/
INFO: [ app_init ] --START--
INFO: Run Behavior\BuildLiteBehavior [ RunTime:0.000000s ]
INFO: [ app_init ] --END-- [ RunTime:0.000000s ]

[ 2015-08-07T15:48:02+08:00 ] 192.168.1.8 /huawei/trouble/mobile/
INFO: [ app_init ] --START--
INFO: Run Behavior\BuildLiteBehavior [ RunTime:0.000000s ]
INFO: [ app_init ] --END-- [ RunTime:0.000000s ]

[ 2015-08-07T15:48:55+08:00 ] 192.168.1.8 /huawei/trouble/mobile/
INFO: [ app_init ] --START--
INFO: Run Behavior\BuildLiteBehavior [ RunTime:0.000000s ]
INFO: [ app_init ] --END-- [ RunTime:0.000000s ]

[ 2015-08-07T15:49:49+08:00 ] 192.168.1.8 /huawei/trouble/mobile/
INFO: [ app_init ] --START--
INFO: Run Behavior\BuildLiteBehavior [ RunTime:0.000000s ]
INFO: [ app_init ] --END-- [ RunTime:0.001001s ]

[ 2015-08-07T15:50:19+08:00 ] 192.168.1.8 /huawei/trouble/mobile/
INFO: [ app_init ] --START--
INFO: Run Behavior\BuildLiteBehavior [ RunTime:0.000000s ]
INFO: [ app_init ] --END-- [ RunTime:0.000000s ]

[ 2015-08-07T15:50:39+08:00 ] 192.168.1.8 /huawei/trouble/mobile/
INFO: [ app_init ] --START--
INFO: Run Behavior\BuildLiteBehavior [ RunTime:0.000000s ]
INFO: [ app_init ] --END-- [ RunTime:0.001000s ]

[ 2015-08-07T15:51:28+08:00 ] 192.168.1.8 /huawei/trouble/mobile/
INFO: [ app_init ] --START--
INFO: Run Behavior\BuildLiteBehavior [ RunTime:0.000000s ]
INFO: [ app_init ] --END-- [ RunTime:0.001000s ]

[ 2015-08-07T15:51:49+08:00 ] 192.168.1.8 /huawei/trouble/mobile/
INFO: [ app_init ] --START--
INFO: Run Behavior\BuildLiteBehavior [ RunTime:0.000000s ]
INFO: [ app_init ] --END-- [ RunTime:0.001000s ]

[ 2015-08-07T15:51:59+08:00 ] 192.168.1.8 /huawei/trouble/mobile/
INFO: [ app_init ] --START--
INFO: Run Behavior\BuildLiteBehavior [ RunTime:0.000000s ]
INFO: [ app_init ] --END-- [ RunTime:0.000000s ]

[ 2015-08-07T15:52:41+08:00 ] 192.168.1.8 /huawei/trouble/mobile/
INFO: [ app_init ] --START--
INFO: Run Behavior\BuildLiteBehavior [ RunTime:0.000000s ]
INFO: [ app_init ] --END-- [ RunTime:0.000000s ]

[ 2015-08-07T15:53:01+08:00 ] 192.168.1.8 /huawei/trouble/mobile/
INFO: [ app_init ] --START--
INFO: Run Behavior\BuildLiteBehavior [ RunTime:0.000000s ]
INFO: [ app_init ] --END-- [ RunTime:0.000000s ]

[ 2015-08-07T15:57:32+08:00 ] 192.168.1.8 /huawei/trouble/mobile/
INFO: [ app_init ] --START--
INFO: Run Behavior\BuildLiteBehavior [ RunTime:0.000000s ]
INFO: [ app_init ] --END-- [ RunTime:0.001000s ]

[ 2015-08-07T15:58:00+08:00 ] 192.168.1.8 /huawei/trouble/mobile/
INFO: [ app_init ] --START--
INFO: Run Behavior\BuildLiteBehavior [ RunTime:0.000000s ]
INFO: [ app_init ] --END-- [ RunTime:0.000000s ]

[ 2015-08-07T15:58:07+08:00 ] 192.168.1.8 /huawei/trouble/mobile/
INFO: [ app_init ] --START--
INFO: Run Behavior\BuildLiteBehavior [ RunTime:0.000000s ]
INFO: [ app_init ] --END-- [ RunTime:0.000000s ]

[ 2015-08-07T15:58:20+08:00 ] 192.168.1.8 /huawei/trouble/mobile/
INFO: [ app_init ] --START--
INFO: Run Behavior\BuildLiteBehavior [ RunTime:0.001000s ]
INFO: [ app_init ] --END-- [ RunTime:0.002000s ]

[ 2015-08-07T15:58:30+08:00 ] 192.168.1.8 /huawei/trouble/mobile/
INFO: [ app_init ] --START--
INFO: Run Behavior\BuildLiteBehavior [ RunTime:0.000000s ]
INFO: [ app_init ] --END-- [ RunTime:0.000000s ]

[ 2015-08-07T15:58:52+08:00 ] 192.168.1.8 /huawei/trouble/mobile/
INFO: [ app_init ] --START--
INFO: Run Behavior\BuildLiteBehavior [ RunTime:0.000000s ]
INFO: [ app_init ] --END-- [ RunTime:0.000000s ]

[ 2015-08-07T15:59:57+08:00 ] 192.168.1.8 /huawei/trouble/mobile/
INFO: [ app_init ] --START--
INFO: Run Behavior\BuildLiteBehavior [ RunTime:0.000000s ]
INFO: [ app_init ] --END-- [ RunTime:0.001000s ]

[ 2015-08-07T16:00:34+08:00 ] 192.168.1.8 /huawei/trouble/mobile/
INFO: [ app_init ] --START--
INFO: Run Behavior\BuildLiteBehavior [ RunTime:0.000000s ]
INFO: [ app_init ] --END-- [ RunTime:0.001000s ]

[ 2015-08-07T16:01:33+08:00 ] 192.168.1.8 /huawei/trouble/mobile/
INFO: [ app_init ] --START--
INFO: Run Behavior\BuildLiteBehavior [ RunTime:0.000000s ]
INFO: [ app_init ] --END-- [ RunTime:0.001000s ]

[ 2015-08-07T16:02:37+08:00 ] 192.168.1.8 /huawei/trouble/mobile/
INFO: [ app_init ] --START--
INFO: Run Behavior\BuildLiteBehavior [ RunTime:0.000000s ]
INFO: [ app_init ] --END-- [ RunTime:0.001000s ]

[ 2015-08-07T16:03:10+08:00 ] 192.168.1.8 /huawei/trouble/mobile/
INFO: [ app_init ] --START--
INFO: Run Behavior\BuildLiteBehavior [ RunTime:0.000000s ]
INFO: [ app_init ] --END-- [ RunTime:0.000000s ]

[ 2015-08-07T16:03:37+08:00 ] 192.168.1.8 /huawei/trouble/mobile/
INFO: [ app_init ] --START--
INFO: Run Behavior\BuildLiteBehavior [ RunTime:0.000000s ]
INFO: [ app_init ] --END-- [ RunTime:0.000000s ]

[ 2015-08-07T16:04:22+08:00 ] 192.168.1.8 /huawei/trouble/mobile/
INFO: [ app_init ] --START--
INFO: Run Behavior\BuildLiteBehavior [ RunTime:0.000000s ]
INFO: [ app_init ] --END-- [ RunTime:0.000000s ]

[ 2015-08-07T16:04:45+08:00 ] 192.168.1.8 /huawei/trouble/mobile/
INFO: [ app_init ] --START--
INFO: Run Behavior\BuildLiteBehavior [ RunTime:0.000000s ]
INFO: [ app_init ] --END-- [ RunTime:0.000000s ]

[ 2015-08-07T16:05:22+08:00 ] 192.168.1.8 /huawei/trouble/mobile/
INFO: [ app_init ] --START--
INFO: Run Behavior\BuildLiteBehavior [ RunTime:0.000000s ]
INFO: [ app_init ] --END-- [ RunTime:0.001000s ]

[ 2015-08-07T16:06:08+08:00 ] 192.168.1.8 /huawei/trouble/mobile/
INFO: [ app_init ] --START--
INFO: Run Behavior\BuildLiteBehavior [ RunTime:0.000000s ]
INFO: [ app_init ] --END-- [ RunTime:0.000000s ]

[ 2015-08-07T16:06:21+08:00 ] 192.168.1.8 /huawei/trouble/mobile/
INFO: [ app_init ] --START--
INFO: Run Behavior\BuildLiteBehavior [ RunTime:0.000000s ]
INFO: [ app_init ] --END-- [ RunTime:0.001000s ]

[ 2015-08-07T16:07:26+08:00 ] 192.168.1.100 /huawei/trouble/mobile/
INFO: [ app_init ] --START--
INFO: Run Behavior\BuildLiteBehavior [ RunTime:0.000000s ]
INFO: [ app_init ] --END-- [ RunTime:0.000000s ]

[ 2015-08-07T16:08:21+08:00 ] 192.168.1.104 /huawei/trouble/mobile/
INFO: [ app_init ] --START--
INFO: Run Behavior\BuildLiteBehavior [ RunTime:0.000000s ]
INFO: [ app_init ] --END-- [ RunTime:0.000000s ]

[ 2015-08-07T16:12:12+08:00 ] 192.168.1.8 /huawei/trouble/mobile/
INFO: [ app_init ] --START--
INFO: Run Behavior\BuildLiteBehavior [ RunTime:0.000000s ]
INFO: [ app_init ] --END-- [ RunTime:0.001000s ]

[ 2015-08-07T16:12:22+08:00 ] 192.168.1.8 /huawei/trouble/mobile/
INFO: [ app_init ] --START--
INFO: Run Behavior\BuildLiteBehavior [ RunTime:0.000000s ]
INFO: [ app_init ] --END-- [ RunTime:0.001000s ]

[ 2015-08-07T16:12:29+08:00 ] 192.168.1.100 /huawei/trouble/mobile/
INFO: [ app_init ] --START--
INFO: Run Behavior\BuildLiteBehavior [ RunTime:0.000000s ]
INFO: [ app_init ] --END-- [ RunTime:0.001000s ]

[ 2015-08-07T16:55:51+08:00 ] 192.168.1.109 /huawei/trouble/mobile/Website/Index/index
INFO: [ app_init ] --START--
INFO: Run Behavior\BuildLiteBehavior [ RunTime:0.000000s ]
INFO: [ app_init ] --END-- [ RunTime:0.000000s ]
ERR: 无法加载控制器:Index

[ 2015-08-07T16:56:10+08:00 ] 192.168.1.109 /huawei/trouble/mobile/Website/Index/index
INFO: [ app_init ] --START--
INFO: Run Behavior\BuildLiteBehavior [ RunTime:0.000000s ]
INFO: [ app_init ] --END-- [ RunTime:0.000000s ]
ERR: 无法加载控制器:Index

[ 2015-08-07T16:56:12+08:00 ] 192.168.1.109 /huawei/trouble/mobile/Website/Index/index
INFO: [ app_init ] --START--
INFO: Run Behavior\BuildLiteBehavior [ RunTime:0.000000s ]
INFO: [ app_init ] --END-- [ RunTime:0.001000s ]
ERR: 无法加载控制器:Index

[ 2015-08-07T16:56:31+08:00 ] 192.168.1.109 /huawei/trouble/mobile/Website/Index/index
INFO: [ app_init ] --START--
INFO: Run Behavior\BuildLiteBehavior [ RunTime:0.000000s ]
INFO: [ app_init ] --END-- [ RunTime:0.001000s ]
ERR: 无法加载控制器:Index

[ 2015-08-07T16:56:51+08:00 ] 192.168.1.109 /huawei/trouble/mobile/WebSite/Index/index
INFO: [ app_init ] --START--
INFO: Run Behavior\BuildLiteBehavior [ RunTime:0.000000s ]
INFO: [ app_init ] --END-- [ RunTime:0.000000s ]

[ 2015-08-07T16:56:57+08:00 ] 192.168.1.109 /huawei/trouble/mobile/Website/Index/appgo
INFO: [ app_init ] --START--
INFO: Run Behavior\BuildLiteBehavior [ RunTime:0.000000s ]
INFO: [ app_init ] --END-- [ RunTime:0.001000s ]
ERR: 无法加载控制器:Index

[ 2015-08-07T16:58:23+08:00 ] 192.168.1.109 /huawei/trouble/mobile/WebSite/Index/index
INFO: [ app_init ] --START--
INFO: Run Behavior\BuildLiteBehavior [ RunTime:0.000000s ]
INFO: [ app_init ] --END-- [ RunTime:0.001000s ]
ERR: 无法加载控制器:Index

[ 2015-08-07T16:58:29+08:00 ] 192.168.1.109 /huawei/trouble/mobile/Website/Index/index
INFO: [ app_init ] --START--
INFO: Run Behavior\BuildLiteBehavior [ RunTime:0.000000s ]
INFO: [ app_init ] --END-- [ RunTime:0.001000s ]

[ 2015-08-07T16:58:31+08:00 ] 192.168.1.109 /huawei/trouble/mobile/Website/Index/appgo
INFO: [ app_init ] --START--
INFO: Run Behavior\BuildLiteBehavior [ RunTime:0.000000s ]
INFO: [ app_init ] --END-- [ RunTime:0.000000s ]

[ 2015-08-07T16:58:53+08:00 ] 192.168.1.109 /huawei/trouble/mobile/Website/Index/index
INFO: [ app_init ] --START--
INFO: Run Behavior\BuildLiteBehavior [ RunTime:0.000000s ]
INFO: [ app_init ] --END-- [ RunTime:0.000000s ]

[ 2015-08-07T16:58:54+08:00 ] 192.168.1.109 /huawei/trouble/mobile/Website/Index/appgo
INFO: [ app_init ] --START--
INFO: Run Behavior\BuildLiteBehavior [ RunTime:0.000000s ]
INFO: [ app_init ] --END-- [ RunTime:0.000000s ]
ERR: 无法加载控制器:Index

[ 2015-08-07T16:59:38+08:00 ] 192.168.1.109 /huawei/trouble/mobile/Website/Index/index
INFO: [ app_init ] --START--
INFO: Run Behavior\BuildLiteBehavior [ RunTime:0.000000s ]
INFO: [ app_init ] --END-- [ RunTime:0.001000s ]

[ 2015-08-07T16:59:39+08:00 ] 192.168.1.109 /huawei/trouble/mobile/Website/Index/appgo
INFO: [ app_init ] --START--
INFO: Run Behavior\BuildLiteBehavior [ RunTime:0.000000s ]
INFO: [ app_init ] --END-- [ RunTime:0.001000s ]

[ 2015-08-07T17:02:40+08:00 ] 192.168.1.109 /huawei/trouble/mobile/Website/Index/index
INFO: [ app_init ] --START--
INFO: Run Behavior\BuildLiteBehavior [ RunTime:0.000000s ]
INFO: [ app_init ] --END-- [ RunTime:0.001000s ]

[ 2015-08-07T17:02:41+08:00 ] 192.168.1.109 /huawei/trouble/mobile/Website/Index/appgo
INFO: [ app_init ] --START--
INFO: Run Behavior\BuildLiteBehavior [ RunTime:0.000000s ]
INFO: [ app_init ] --END-- [ RunTime:0.000000s ]

[ 2015-08-07T17:08:23+08:00 ] 192.168.1.109 /huawei/trouble/mobile/Website/Index/index
INFO: [ app_init ] --START--
INFO: Run Behavior\BuildLiteBehavior [ RunTime:0.000000s ]
INFO: [ app_init ] --END-- [ RunTime:0.001000s ]

[ 2015-08-07T17:08:24+08:00 ] 192.168.1.109 /huawei/trouble/mobile/Website/Index/appgo
INFO: [ app_init ] --START--
INFO: Run Behavior\BuildLiteBehavior [ RunTime:0.000000s ]
INFO: [ app_init ] --END-- [ RunTime:0.001000s ]

[ 2015-08-07T17:09:26+08:00 ] 192.168.1.104 /huawei/trouble/mobile/Website/Index/index
INFO: [ app_init ] --START--
INFO: Run Behavior\BuildLiteBehavior [ RunTime:0.000000s ]
INFO: [ app_init ] --END-- [ RunTime:0.000000s ]

[ 2015-08-07T17:09:28+08:00 ] 192.168.1.104 /huawei/trouble/mobile/Website/Index/appgo
INFO: [ app_init ] --START--
INFO: Run Behavior\BuildLiteBehavior [ RunTime:0.000000s ]
INFO: [ app_init ] --END-- [ RunTime:0.001000s ]

[ 2015-08-07T17:09:34+08:00 ] 192.168.1.100 /huawei/trouble/mobile/Website/Index/index
INFO: [ app_init ] --START--
INFO: Run Behavior\BuildLiteBehavior [ RunTime:0.000000s ]
INFO: [ app_init ] --END-- [ RunTime:0.000000s ]

[ 2015-08-07T17:09:35+08:00 ] 192.168.1.100 /huawei/trouble/mobile/Website/Index/appgo
INFO: [ app_init ] --START--
INFO: Run Behavior\BuildLiteBehavior [ RunTime:0.000000s ]
INFO: [ app_init ] --END-- [ RunTime:0.000000s ]

[ 2015-08-07T17:12:25+08:00 ] 192.168.1.100 /huawei/trouble/mobile/Website/Index/index
INFO: [ app_init ] --START--
INFO: Run Behavior\BuildLiteBehavior [ RunTime:0.001000s ]
INFO: [ app_init ] --END-- [ RunTime:0.001000s ]

[ 2015-08-07T17:12:26+08:00 ] 192.168.1.100 /huawei/trouble/mobile/Website/Index/appgo
INFO: [ app_init ] --START--
INFO: Run Behavior\BuildLiteBehavior [ RunTime:0.000000s ]
INFO: [ app_init ] --END-- [ RunTime:0.001000s ]

[ 2015-08-07T17:13:04+08:00 ] 192.168.1.109 /huawei/trouble/mobile/Website/Index/index
INFO: [ app_init ] --START--
INFO: Run Behavior\BuildLiteBehavior [ RunTime:0.000000s ]
INFO: [ app_init ] --END-- [ RunTime:0.001000s ]

[ 2015-08-07T17:13:05+08:00 ] 192.168.1.109 /huawei/trouble/mobile/Website/Index/appgo
INFO: [ app_init ] --START--
INFO: Run Behavior\BuildLiteBehavior [ RunTime:0.000000s ]
INFO: [ app_init ] --END-- [ RunTime:0.000000s ]

[ 2015-08-07T17:15:27+08:00 ] 192.168.1.109 /huawei/trouble/mobile/Website/Index/index
INFO: [ app_init ] --START--
INFO: Run Behavior\BuildLiteBehavior [ RunTime:0.000000s ]
INFO: [ app_init ] --END-- [ RunTime:0.000000s ]

[ 2015-08-07T17:15:27+08:00 ] 192.168.1.109 /huawei/trouble/mobile/Website/Index/appgo
INFO: [ app_init ] --START--
INFO: Run Behavior\BuildLiteBehavior [ RunTime:0.000000s ]
INFO: [ app_init ] --END-- [ RunTime:0.001000s ]

[ 2015-08-07T17:18:01+08:00 ] 192.168.1.109 /huawei/trouble/mobile/Website/Index/index
INFO: [ app_init ] --START--
INFO: Run Behavior\BuildLiteBehavior [ RunTime:0.000000s ]
INFO: [ app_init ] --END-- [ RunTime:0.001000s ]

[ 2015-08-07T17:18:02+08:00 ] 192.168.1.109 /huawei/trouble/mobile/Website/Index/appgo
INFO: [ app_init ] --START--
INFO: Run Behavior\BuildLiteBehavior [ RunTime:0.001000s ]
INFO: [ app_init ] --END-- [ RunTime:0.001000s ]

[ 2015-08-07T17:20:10+08:00 ] 192.168.1.109 /huawei/trouble/mobile/Website/Index/index11
INFO: [ app_init ] --START--
INFO: Run Behavior\BuildLiteBehavior [ RunTime:0.000000s ]
INFO: [ app_init ] --END-- [ RunTime:0.000000s ]

[ 2015-08-07T17:21:06+08:00 ] 192.168.1.109 /huawei/trouble/mobile/Website/Index/index
INFO: [ app_init ] --START--
INFO: Run Behavior\BuildLiteBehavior [ RunTime:0.000000s ]
INFO: [ app_init ] --END-- [ RunTime:0.000000s ]

[ 2015-08-07T17:21:06+08:00 ] 192.168.1.109 /huawei/trouble/mobile/Website/Index/index11
INFO: [ app_init ] --START--
INFO: Run Behavior\BuildLiteBehavior [ RunTime:0.000000s ]
INFO: [ app_init ] --END-- [ RunTime:0.000000s ]

[ 2015-08-07T17:21:38+08:00 ] 192.168.1.109 /huawei/trouble/mobile/Website/Index/index
INFO: [ app_init ] --START--
INFO: Run Behavior\BuildLiteBehavior [ RunTime:0.000000s ]
INFO: [ app_init ] --END-- [ RunTime:0.001000s ]

[ 2015-08-07T17:21:38+08:00 ] 192.168.1.109 /huawei/trouble/mobile/Website/Index/index11
INFO: [ app_init ] --START--
INFO: Run Behavior\BuildLiteBehavior [ RunTime:0.000000s ]
INFO: [ app_init ] --END-- [ RunTime:0.001000s ]

[ 2015-08-07T17:21:59+08:00 ] 192.168.1.109 /huawei/trouble/mobile/Website/Index/index
INFO: [ app_init ] --START--
INFO: Run Behavior\BuildLiteBehavior [ RunTime:0.000000s ]
INFO: [ app_init ] --END-- [ RunTime:0.000000s ]

[ 2015-08-07T17:22:00+08:00 ] 192.168.1.109 /huawei/trouble/mobile/Website/Index/index11
INFO: [ app_init ] --START--
INFO: Run Behavior\BuildLiteBehavior [ RunTime:0.000000s ]
INFO: [ app_init ] --END-- [ RunTime:0.000000s ]

[ 2015-08-07T17:23:47+08:00 ] 192.168.1.109 /huawei/trouble/mobile/Website/Index/index
INFO: [ app_init ] --START--
INFO: Run Behavior\BuildLiteBehavior [ RunTime:0.000000s ]
INFO: [ app_init ] --END-- [ RunTime:0.000000s ]

[ 2015-08-07T17:23:47+08:00 ] 192.168.1.109 /huawei/trouble/mobile/Website/Index/appgo
INFO: [ app_init ] --START--
INFO: Run Behavior\BuildLiteBehavior [ RunTime:0.000000s ]
INFO: [ app_init ] --END-- [ RunTime:0.001000s ]

[ 2015-08-07T17:23:52+08:00 ] 192.168.1.109 /huawei/trouble/mobile/Website/Index/index
INFO: [ app_init ] --START--
INFO: Run Behavior\BuildLiteBehavior [ RunTime:0.000000s ]
INFO: [ app_init ] --END-- [ RunTime:0.001000s ]

[ 2015-08-07T17:23:53+08:00 ] 192.168.1.109 /huawei/trouble/mobile/Website/Index/appgo
INFO: [ app_init ] --START--
INFO: Run Behavior\BuildLiteBehavior [ RunTime:0.000000s ]
INFO: [ app_init ] --END-- [ RunTime:0.000000s ]

[ 2015-08-07T17:24:28+08:00 ] 192.168.1.109 /huawei/trouble/mobile/Website/Index/index
INFO: [ app_init ] --START--
INFO: Run Behavior\BuildLiteBehavior [ RunTime:0.000000s ]
INFO: [ app_init ] --END-- [ RunTime:0.001001s ]

[ 2015-08-07T17:24:28+08:00 ] 192.168.1.109 /huawei/trouble/mobile/Website/Index/appgo
INFO: [ app_init ] --START--
INFO: Run Behavior\BuildLiteBehavior [ RunTime:0.000000s ]
INFO: [ app_init ] --END-- [ RunTime:0.000000s ]

[ 2015-08-07T17:27:57+08:00 ] 192.168.1.109 /huawei/trouble/mobile/Website/Index/index
INFO: [ app_init ] --START--
INFO: Run Behavior\BuildLiteBehavior [ RunTime:0.000000s ]
INFO: [ app_init ] --END-- [ RunTime:0.001000s ]

[ 2015-08-07T17:27:57+08:00 ] 192.168.1.109 /huawei/trouble/mobile/Website/Index/appgo
INFO: [ app_init ] --START--
INFO: Run Behavior\BuildLiteBehavior [ RunTime:0.000000s ]
INFO: [ app_init ] --END-- [ RunTime:0.001000s ]

[ 2015-08-07T17:29:06+08:00 ] 192.168.1.109 /huawei/trouble/mobile/Website/Index/index
INFO: [ app_init ] --START--
INFO: Run Behavior\BuildLiteBehavior [ RunTime:0.000000s ]
INFO: [ app_init ] --END-- [ RunTime:0.000000s ]

[ 2015-08-07T17:29:07+08:00 ] 192.168.1.109 /huawei/trouble/mobile/Website/Index/appgo
INFO: [ app_init ] --START--
INFO: Run Behavior\BuildLiteBehavior [ RunTime:0.000000s ]
INFO: [ app_init ] --END-- [ RunTime:0.000000s ]

[ 2015-08-07T17:31:16+08:00 ] 192.168.1.109 /huawei/trouble/mobile/Website/Index/index
INFO: [ app_init ] --START--
INFO: Run Behavior\BuildLiteBehavior [ RunTime:0.000000s ]
INFO: [ app_init ] --END-- [ RunTime:0.001001s ]

[ 2015-08-07T17:31:16+08:00 ] 192.168.1.109 /huawei/trouble/mobile/Website/Index/appgo
INFO: [ app_init ] --START--
INFO: Run Behavior\BuildLiteBehavior [ RunTime:0.000000s ]
INFO: [ app_init ] --END-- [ RunTime:0.001000s ]

[ 2015-08-07T17:34:33+08:00 ] 192.168.1.109 /huawei/trouble/mobile/Website/Index/index
INFO: [ app_init ] --START--
INFO: Run Behavior\BuildLiteBehavior [ RunTime:0.000000s ]
INFO: [ app_init ] --END-- [ RunTime:0.000000s ]

[ 2015-08-07T17:34:34+08:00 ] 192.168.1.109 /huawei/trouble/mobile/Website/Index/appgo
INFO: [ app_init ] --START--
INFO: Run Behavior\BuildLiteBehavior [ RunTime:0.000000s ]
INFO: [ app_init ] --END-- [ RunTime:0.001000s ]

[ 2015-08-07T17:36:10+08:00 ] 192.168.1.109 /huawei/trouble/mobile/Website/Index/index
INFO: [ app_init ] --START--
INFO: Run Behavior\BuildLiteBehavior [ RunTime:0.000000s ]
INFO: [ app_init ] --END-- [ RunTime:0.001000s ]

[ 2015-08-07T17:36:11+08:00 ] 192.168.1.109 /huawei/trouble/mobile/Website/Index/appgo
INFO: [ app_init ] --START--
INFO: Run Behavior\BuildLiteBehavior [ RunTime:0.000000s ]
INFO: [ app_init ] --END-- [ RunTime:0.001000s ]

[ 2015-08-07T17:37:10+08:00 ] 192.168.1.109 /huawei/trouble/mobile/Website/Index/index
INFO: [ app_init ] --START--
INFO: Run Behavior\BuildLiteBehavior [ RunTime:0.000000s ]
INFO: [ app_init ] --END-- [ RunTime:0.000000s ]

[ 2015-08-07T17:37:11+08:00 ] 192.168.1.109 /huawei/trouble/mobile/Website/Index/index11
INFO: [ app_init ] --START--
INFO: Run Behavior\BuildLiteBehavior [ RunTime:0.000000s ]
INFO: [ app_init ] --END-- [ RunTime:0.000000s ]

[ 2015-08-07T17:39:10+08:00 ] 192.168.1.109 /huawei/trouble/mobile/Website/Index/index
INFO: [ app_init ] --START--
INFO: Run Behavior\BuildLiteBehavior [ RunTime:0.000000s ]
INFO: [ app_init ] --END-- [ RunTime:0.001000s ]

[ 2015-08-07T17:39:11+08:00 ] 192.168.1.109 /huawei/trouble/mobile/Website/Index/index11
INFO: [ app_init ] --START--
INFO: Run Behavior\BuildLiteBehavior [ RunTime:0.000000s ]
INFO: [ app_init ] --END-- [ RunTime:0.000000s ]

[ 2015-08-07T17:41:19+08:00 ] 192.168.1.109 /huawei/trouble/mobile/Website/Index/index
INFO: [ app_init ] --START--
INFO: Run Behavior\BuildLiteBehavior [ RunTime:0.000000s ]
INFO: [ app_init ] --END-- [ RunTime:0.000000s ]

[ 2015-08-07T17:41:19+08:00 ] 192.168.1.109 /huawei/trouble/mobile/Website/Index/index11
INFO: [ app_init ] --START--
INFO: Run Behavior\BuildLiteBehavior [ RunTime:0.000000s ]
INFO: [ app_init ] --END-- [ RunTime:0.000000s ]

[ 2015-08-07T17:41:48+08:00 ] 192.168.1.109 /huawei/trouble/mobile/Website/Index/index
INFO: [ app_init ] --START--
INFO: Run Behavior\BuildLiteBehavior [ RunTime:0.000000s ]
INFO: [ app_init ] --END-- [ RunTime:0.000000s ]

[ 2015-08-07T17:41:49+08:00 ] 192.168.1.109 /huawei/trouble/mobile/Website/Index/index11
INFO: [ app_init ] --START--
INFO: Run Behavior\BuildLiteBehavior [ RunTime:0.000000s ]
INFO: [ app_init ] --END-- [ RunTime:0.000000s ]

[ 2015-08-07T17:44:20+08:00 ] 192.168.1.109 /huawei/trouble/mobile/Website/Index/index
INFO: [ app_init ] --START--
INFO: Run Behavior\BuildLiteBehavior [ RunTime:0.000000s ]
INFO: [ app_init ] --END-- [ RunTime:0.001000s ]

[ 2015-08-07T17:44:20+08:00 ] 192.168.1.109 /huawei/trouble/mobile/Website/Index/index11
INFO: [ app_init ] --START--
INFO: Run Behavior\BuildLiteBehavior [ RunTime:0.000000s ]
INFO: [ app_init ] --END-- [ RunTime:0.000000s ]

[ 2015-08-07T18:04:08+08:00 ] 192.168.1.109 /huawei/trouble/mobile/Website/Index/index
INFO: [ app_init ] --START--
INFO: Run Behavior\BuildLiteBehavior [ RunTime:0.001000s ]
INFO: [ app_init ] --END-- [ RunTime:0.001000s ]

[ 2015-08-07T18:04:09+08:00 ] 192.168.1.109 /huawei/trouble/mobile/Website/Index/index11
INFO: [ app_init ] --START--
INFO: Run Behavior\BuildLiteBehavior [ RunTime:0.000000s ]
INFO: [ app_init ] --END-- [ RunTime:0.000000s ]

[ 2015-08-07T18:04:18+08:00 ] 192.168.1.109 /huawei/trouble/mobile/Website/Index/index
INFO: [ app_init ] --START--
INFO: Run Behavior\BuildLiteBehavior [ RunTime:0.000000s ]
INFO: [ app_init ] --END-- [ RunTime:0.001000s ]

[ 2015-08-07T18:04:19+08:00 ] 192.168.1.109 /huawei/trouble/mobile/Website/Index/index11
INFO: [ app_init ] --START--
INFO: Run Behavior\BuildLiteBehavior [ RunTime:0.000000s ]
INFO: [ app_init ] --END-- [ RunTime:0.001000s ]

[ 2015-08-07T18:04:49+08:00 ] 192.168.1.109 /huawei/trouble/mobile/Website/Index/index
INFO: [ app_init ] --START--
INFO: Run Behavior\BuildLiteBehavior [ RunTime:0.000000s ]
INFO: [ app_init ] --END-- [ RunTime:0.000000s ]

[ 2015-08-07T18:04:50+08:00 ] 192.168.1.109 /huawei/trouble/mobile/Website/Index/index11
INFO: [ app_init ] --START--
INFO: Run Behavior\BuildLiteBehavior [ RunTime:0.000000s ]
INFO: [ app_init ] --END-- [ RunTime:0.016000s ]

[ 2015-08-07T18:06:00+08:00 ] 192.168.1.109 /huawei/trouble/mobile/Website/Index/index
INFO: [ app_init ] --START--
INFO: Run Behavior\BuildLiteBehavior [ RunTime:0.000000s ]
INFO: [ app_init ] --END-- [ RunTime:0.000000s ]

[ 2015-08-07T18:06:01+08:00 ] 192.168.1.109 /huawei/trouble/mobile/Website/Index/index11
INFO: [ app_init ] --START--
INFO: Run Behavior\BuildLiteBehavior [ RunTime:0.000000s ]
INFO: [ app_init ] --END-- [ RunTime:0.000000s ]

[ 2015-08-07T18:07:40+08:00 ] 192.168.1.109 /huawei/trouble/mobile/Website/Index/index
INFO: [ app_init ] --START--
INFO: Run Behavior\BuildLiteBehavior [ RunTime:0.000000s ]
INFO: [ app_init ] --END-- [ RunTime:0.000000s ]

[ 2015-08-07T18:07:41+08:00 ] 192.168.1.109 /huawei/trouble/mobile/Website/Index/index
INFO: [ app_init ] --START--
INFO: Run Behavior\BuildLiteBehavior [ RunTime:0.000000s ]
INFO: [ app_init ] --END-- [ RunTime:0.000000s ]

[ 2015-08-07T18:07:41+08:00 ] 192.168.1.109 /huawei/trouble/mobile/Website/Index/index
INFO: [ app_init ] --START--
INFO: Run Behavior\BuildLiteBehavior [ RunTime:0.000000s ]
INFO: [ app_init ] --END-- [ RunTime:0.000000s ]

[ 2015-08-07T18:07:41+08:00 ] 192.168.1.109 /huawei/trouble/mobile/Website/Index/index11
INFO: [ app_init ] --START--
INFO: Run Behavior\BuildLiteBehavior [ RunTime:0.000000s ]
INFO: [ app_init ] --END-- [ RunTime:0.000000s ]

[ 2015-08-07T18:09:43+08:00 ] 192.168.1.109 /huawei/trouble/mobile/Website/Index/index
INFO: [ app_init ] --START--
INFO: Run Behavior\BuildLiteBehavior [ RunTime:0.000000s ]
INFO: [ app_init ] --END-- [ RunTime:0.000000s ]

[ 2015-08-07T18:09:44+08:00 ] 192.168.1.109 /huawei/trouble/mobile/Website/Index/index11
INFO: [ app_init ] --START--
INFO: Run Behavior\BuildLiteBehavior [ RunTime:0.000000s ]
INFO: [ app_init ] --END-- [ RunTime:0.000000s ]

[ 2015-08-07T18:09:55+08:00 ] 192.168.1.109 /huawei/trouble/mobile/Website/Index/index
INFO: [ app_init ] --START--
INFO: Run Behavior\BuildLiteBehavior [ RunTime:0.000000s ]
INFO: [ app_init ] --END-- [ RunTime:0.000000s ]

[ 2015-08-07T18:09:56+08:00 ] 192.168.1.109 /huawei/trouble/mobile/Website/Index/index11
INFO: [ app_init ] --START--
INFO: Run Behavior\BuildLiteBehavior [ RunTime:0.000000s ]
INFO: [ app_init ] --END-- [ RunTime:0.001000s ]

[ 2015-08-07T18:10:09+08:00 ] 192.168.1.109 /huawei/trouble/mobile/Website/Index/index
INFO: [ app_init ] --START--
INFO: Run Behavior\BuildLiteBehavior [ RunTime:0.000000s ]
INFO: [ app_init ] --END-- [ RunTime:0.000000s ]

[ 2015-08-07T18:10:09+08:00 ] 192.168.1.109 /huawei/trouble/mobile/Website/Index/index11
INFO: [ app_init ] --START--
INFO: Run Behavior\BuildLiteBehavior [ RunTime:0.000000s ]
INFO: [ app_init ] --END-- [ RunTime:0.000000s ]

[ 2015-08-07T18:10:18+08:00 ] 192.168.1.109 /huawei/trouble/mobile/Website/Index/index
INFO: [ app_init ] --START--
INFO: Run Behavior\BuildLiteBehavior [ RunTime:0.000000s ]
INFO: [ app_init ] --END-- [ RunTime:0.001000s ]

[ 2015-08-07T18:10:19+08:00 ] 192.168.1.109 /huawei/trouble/mobile/Website/Index/index11
INFO: [ app_init ] --START--
INFO: Run Behavior\BuildLiteBehavior [ RunTime:0.000000s ]
INFO: [ app_init ] --END-- [ RunTime:0.001000s ]

[ 2015-08-07T18:10:39+08:00 ] 192.168.1.109 /huawei/trouble/mobile/Website/Index/index
INFO: [ app_init ] --START--
INFO: Run Behavior\BuildLiteBehavior [ RunTime:0.000000s ]
INFO: [ app_init ] --END-- [ RunTime:0.000000s ]

[ 2015-08-07T18:10:40+08:00 ] 192.168.1.109 /huawei/trouble/mobile/Website/Index/index11
INFO: [ app_init ] --START--
INFO: Run Behavior\BuildLiteBehavior [ RunTime:0.000000s ]
INFO: [ app_init ] --END-- [ RunTime:0.000000s ]

[ 2015-08-07T18:10:45+08:00 ] 192.168.1.109 /huawei/trouble/mobile/Website/Index/index
INFO: [ app_init ] --START--
INFO: Run Behavior\BuildLiteBehavior [ RunTime:0.000000s ]
INFO: [ app_init ] --END-- [ RunTime:0.000000s ]

[ 2015-08-07T18:10:46+08:00 ] 192.168.1.109 /huawei/trouble/mobile/Website/Index/index11
INFO: [ app_init ] --START--
INFO: Run Behavior\BuildLiteBehavior [ RunTime:0.000000s ]
INFO: [ app_init ] --END-- [ RunTime:0.001000s ]

[ 2015-08-07T18:21:03+08:00 ] 192.168.1.109 /huawei/trouble/mobile/Website/Index/index
INFO: [ app_init ] --START--
INFO: Run Behavior\BuildLiteBehavior [ RunTime:0.000000s ]
INFO: [ app_init ] --END-- [ RunTime:0.000000s ]

[ 2015-08-07T18:21:03+08:00 ] 192.168.1.109 /huawei/trouble/mobile/Website/Index/index11
INFO: [ app_init ] --START--
INFO: Run Behavior\BuildLiteBehavior [ RunTime:0.000000s ]
INFO: [ app_init ] --END-- [ RunTime:0.001000s ]

[ 2015-08-07T18:24:30+08:00 ] 192.168.1.109 /huawei/trouble/mobile/Website/Index/index
INFO: [ app_init ] --START--
INFO: Run Behavior\BuildLiteBehavior [ RunTime:0.000000s ]
INFO: [ app_init ] --END-- [ RunTime:0.000000s ]

[ 2015-08-07T18:24:31+08:00 ] 192.168.1.109 /huawei/trouble/mobile/Website/Index/index11
INFO: [ app_init ] --START--
INFO: Run Behavior\BuildLiteBehavior [ RunTime:0.000000s ]
INFO: [ app_init ] --END-- [ RunTime:0.000000s ]

[ 2015-08-07T18:26:58+08:00 ] 192.168.1.109 /huawei/trouble/mobile/Website/Index/index
INFO: [ app_init ] --START--
INFO: Run Behavior\BuildLiteBehavior [ RunTime:0.000000s ]
INFO: [ app_init ] --END-- [ RunTime:0.001000s ]

[ 2015-08-07T18:26:58+08:00 ] 192.168.1.109 /huawei/trouble/mobile/Website/Index/index11
INFO: [ app_init ] --START--
INFO: Run Behavior\BuildLiteBehavior [ RunTime:0.000000s ]
INFO: [ app_init ] --END-- [ RunTime:0.001000s ]

[ 2015-08-07T18:28:38+08:00 ] 192.168.1.109 /huawei/trouble/mobile/Website/Index/index
INFO: [ app_init ] --START--
INFO: Run Behavior\BuildLiteBehavior [ RunTime:0.000000s ]
INFO: [ app_init ] --END-- [ RunTime:0.000000s ]

[ 2015-08-07T18:28:39+08:00 ] 192.168.1.109 /huawei/trouble/mobile/Website/Index/index11
INFO: [ app_init ] --START--
INFO: Run Behavior\BuildLiteBehavior [ RunTime:0.000000s ]
INFO: [ app_init ] --END-- [ RunTime:0.000000s ]

[ 2015-08-07T18:31:37+08:00 ] 192.168.1.109 /huawei/trouble/mobile/Website/Index/index
INFO: [ app_init ] --START--
INFO: Run Behavior\BuildLiteBehavior [ RunTime:0.000000s ]
INFO: [ app_init ] --END-- [ RunTime:0.000000s ]

[ 2015-08-07T18:31:37+08:00 ] 192.168.1.109 /huawei/trouble/mobile/Website/Index/index11
INFO: [ app_init ] --START--
INFO: Run Behavior\BuildLiteBehavior [ RunTime:0.000000s ]
INFO: [ app_init ] --END-- [ RunTime:0.000000s ]

[ 2015-08-07T18:33:26+08:00 ] 192.168.1.109 /huawei/trouble/mobile/Website/Index/index
INFO: [ app_init ] --START--
INFO: Run Behavior\BuildLiteBehavior [ RunTime:0.000000s ]
INFO: [ app_init ] --END-- [ RunTime:0.000000s ]

[ 2015-08-07T18:33:26+08:00 ] 192.168.1.109 /huawei/trouble/mobile/Website/Index/index11
INFO: [ app_init ] --START--
INFO: Run Behavior\BuildLiteBehavior [ RunTime:0.000000s ]
INFO: [ app_init ] --END-- [ RunTime:0.001000s ]

[ 2015-08-07T18:35:15+08:00 ] 192.168.1.109 /huawei/trouble/mobile/Website/Index/index
INFO: [ app_init ] --START--
INFO: Run Behavior\BuildLiteBehavior [ RunTime:0.000000s ]
INFO: [ app_init ] --END-- [ RunTime:0.001000s ]

[ 2015-08-07T18:35:15+08:00 ] 192.168.1.109 /huawei/trouble/mobile/Website/Index/index11
INFO: [ app_init ] --START--
INFO: Run Behavior\BuildLiteBehavior [ RunTime:0.000000s ]
INFO: [ app_init ] --END-- [ RunTime:0.000000s ]

[ 2015-08-07T18:37:56+08:00 ] 192.168.1.109 /huawei/trouble/mobile/Website/Index/index
INFO: [ app_init ] --START--
INFO: Run Behavior\BuildLiteBehavior [ RunTime:0.000000s ]
INFO: [ app_init ] --END-- [ RunTime:0.001000s ]

[ 2015-08-07T18:37:57+08:00 ] 192.168.1.109 /huawei/trouble/mobile/Website/Index/index11
INFO: [ app_init ] --START--
INFO: Run Behavior\BuildLiteBehavior [ RunTime:0.000000s ]
INFO: [ app_init ] --END-- [ RunTime:0.001000s ]

[ 2015-08-07T18:40:56+08:00 ] 192.168.1.109 /huawei/trouble/mobile/Website/Index/index
INFO: [ app_init ] --START--
INFO: Run Behavior\BuildLiteBehavior [ RunTime:0.000000s ]
INFO: [ app_init ] --END-- [ RunTime:0.000000s ]

[ 2015-08-07T18:40:57+08:00 ] 192.168.1.109 /huawei/trouble/mobile/Website/Index/index11
INFO: [ app_init ] --START--
INFO: Run Behavior\BuildLiteBehavior [ RunTime:0.000000s ]
INFO: [ app_init ] --END-- [ RunTime:0.001000s ]

[ 2015-08-07T18:43:55+08:00 ] 192.168.1.109 /huawei/trouble/mobile/Website/Index/index
INFO: [ app_init ] --START--
INFO: Run Behavior\BuildLiteBehavior [ RunTime:0.000000s ]
INFO: [ app_init ] --END-- [ RunTime:0.000000s ]

[ 2015-08-07T18:43:56+08:00 ] 192.168.1.109 /huawei/trouble/mobile/Website/Index/index11
INFO: [ app_init ] --START--
INFO: Run Behavior\BuildLiteBehavior [ RunTime:0.000000s ]
INFO: [ app_init ] --END-- [ RunTime:0.000000s ]

[ 2015-08-07T18:45:13+08:00 ] 192.168.1.109 /huawei/trouble/mobile/Website/Index/index
INFO: [ app_init ] --START--
INFO: Run Behavior\BuildLiteBehavior [ RunTime:0.000000s ]
INFO: [ app_init ] --END-- [ RunTime:0.001000s ]

[ 2015-08-07T18:45:13+08:00 ] 192.168.1.109 /huawei/trouble/mobile/Website/Index/index11
INFO: [ app_init ] --START--
INFO: Run Behavior\BuildLiteBehavior [ RunTime:0.000000s ]
INFO: [ app_init ] --END-- [ RunTime:0.000000s ]

[ 2015-08-07T18:46:06+08:00 ] 192.168.1.109 /huawei/trouble/mobile/Index/saveuser
INFO: [ app_init ] --START--
INFO: Run Behavior\BuildLiteBehavior [ RunTime:0.000000s ]
INFO: [ app_init ] --END-- [ RunTime:0.001000s ]
ERR: SQLSTATE[42S02]: Base table or view not found: 1146 Table 'zebra_project.zebra_trouble' doesn't exist

[ 2015-08-07T18:46:07+08:00 ] 192.168.1.109 /huawei/trouble/mobile/Index/saveuser
INFO: [ app_init ] --START--
INFO: Run Behavior\BuildLiteBehavior [ RunTime:0.000000s ]
INFO: [ app_init ] --END-- [ RunTime:0.001000s ]
ERR: SQLSTATE[42S02]: Base table or view not found: 1146 Table 'zebra_project.zebra_trouble' doesn't exist

[ 2015-08-07T18:46:52+08:00 ] 192.168.1.109 /huawei/trouble/mobile/Website/Index/index
INFO: [ app_init ] --START--
INFO: Run Behavior\BuildLiteBehavior [ RunTime:0.001000s ]
INFO: [ app_init ] --END-- [ RunTime:0.001000s ]

[ 2015-08-07T18:46:53+08:00 ] 192.168.1.109 /huawei/trouble/mobile/Website/Index/index11
INFO: [ app_init ] --START--
INFO: Run Behavior\BuildLiteBehavior [ RunTime:0.000000s ]
INFO: [ app_init ] --END-- [ RunTime:0.001001s ]

[ 2015-08-07T18:47:46+08:00 ] 192.168.1.109 /huawei/trouble/mobile/Website/Index/saveuser
INFO: [ app_init ] --START--
INFO: Run Behavior\BuildLiteBehavior [ RunTime:0.000000s ]
INFO: [ app_init ] --END-- [ RunTime:0.001000s ]
ERR: SQLSTATE[42S02]: Base table or view not found: 1146 Table 'zebra_project.zebra_trouble' doesn't exist

[ 2015-08-07T18:47:48+08:00 ] 192.168.1.109 /huawei/trouble/mobile/Website/Index/saveuser
INFO: [ app_init ] --START--
INFO: Run Behavior\BuildLiteBehavior [ RunTime:0.000000s ]
INFO: [ app_init ] --END-- [ RunTime:0.001000s ]
ERR: SQLSTATE[42S02]: Base table or view not found: 1146 Table 'zebra_project.zebra_trouble' doesn't exist

[ 2015-08-07T18:50:08+08:00 ] 192.168.1.109 /huawei/trouble/mobile/Website/Index/saveuser
INFO: [ app_init ] --START--
INFO: Run Behavior\BuildLiteBehavior [ RunTime:0.000000s ]
INFO: [ app_init ] --END-- [ RunTime:0.000000s ]
ERR: SQLSTATE[42S02]: Base table or view not found: 1146 Table 'zebra_project.zebra_trouble' doesn't exist

[ 2015-08-07T18:50:09+08:00 ] 192.168.1.109 /huawei/trouble/mobile/Website/Index/saveuser
INFO: [ app_init ] --START--
INFO: Run Behavior\BuildLiteBehavior [ RunTime:0.000000s ]
INFO: [ app_init ] --END-- [ RunTime:0.001000s ]
ERR: SQLSTATE[42S02]: Base table or view not found: 1146 Table 'zebra_project.zebra_trouble' doesn't exist

[ 2015-08-07T18:51:13+08:00 ] 192.168.1.109 /huawei/trouble/mobile/Website/Index/index
INFO: [ app_init ] --START--
INFO: Run Behavior\BuildLiteBehavior [ RunTime:0.000000s ]
INFO: [ app_init ] --END-- [ RunTime:0.001000s ]

[ 2015-08-07T18:51:13+08:00 ] 192.168.1.109 /huawei/trouble/mobile/Website/Index/index11
INFO: [ app_init ] --START--
INFO: Run Behavior\BuildLiteBehavior [ RunTime:0.000000s ]
INFO: [ app_init ] --END-- [ RunTime:0.001000s ]

[ 2015-08-07T18:51:29+08:00 ] 192.168.1.109 /huawei/trouble/mobile/Website/Index/saveuser
INFO: [ app_init ] --START--
INFO: Run Behavior\BuildLiteBehavior [ RunTime:0.000000s ]
INFO: [ app_init ] --END-- [ RunTime:0.000000s ]
ERR: SQLSTATE[42S02]: Base table or view not found: 1146 Table 'zebra_project.zebra_trouble' doesn't exist

[ 2015-08-07T18:52:09+08:00 ] 192.168.1.109 /huawei/trouble/mobile/Website/Index/saveuser
INFO: [ app_init ] --START--
INFO: Run Behavior\BuildLiteBehavior [ RunTime:0.000000s ]
INFO: [ app_init ] --END-- [ RunTime:0.000000s ]
ERR: SQLSTATE[42S02]: Base table or view not found: 1146 Table 'zebra_project.zebra_trouble' doesn't exist

[ 2015-08-07T18:53:13+08:00 ] 192.168.1.109 /huawei/trouble/mobile/Website/Index/saveuser
INFO: [ app_init ] --START--
INFO: Run Behavior\BuildLiteBehavior [ RunTime:0.000000s ]
INFO: [ app_init ] --END-- [ RunTime:0.000000s ]
ERR: SQLSTATE[42S02]: Base table or view not found: 1146 Table 'zebra_project.zebra_trouble' doesn't exist

[ 2015-08-07T18:53:49+08:00 ] 192.168.1.109 /huawei/trouble/mobile/Website/Index/saveuser
INFO: [ app_init ] --START--
INFO: Run Behavior\BuildLiteBehavior [ RunTime:0.000000s ]
INFO: [ app_init ] --END-- [ RunTime:0.000000s ]

[ 2015-08-07T18:53:49+08:00 ] 192.168.1.109 /huawei/trouble/mobile/Website/Index/saveuser
INFO: [ app_init ] --START--
INFO: Run Behavior\BuildLiteBehavior [ RunTime:0.000000s ]
INFO: [ app_init ] --END-- [ RunTime:0.001000s ]

[ 2015-08-07T18:58:39+08:00 ] 192.168.1.109 /huawei/trouble/mobile/Website/Index/saveuser
INFO: [ app_init ] --START--
INFO: Run Behavior\BuildLiteBehavior [ RunTime:0.000000s ]
INFO: [ app_init ] --END-- [ RunTime:0.000000s ]

[ 2015-08-07T18:59:14+08:00 ] 192.168.1.109 /huawei/trouble/mobile/Website/Index/index
INFO: [ app_init ] --START--
INFO: Run Behavior\BuildLiteBehavior [ RunTime:0.000000s ]
INFO: [ app_init ] --END-- [ RunTime:0.001000s ]

[ 2015-08-07T18:59:15+08:00 ] 192.168.1.109 /huawei/trouble/mobile/Website/Index/index11
INFO: [ app_init ] --START--
INFO: Run Behavior\BuildLiteBehavior [ RunTime:0.000000s ]
INFO: [ app_init ] --END-- [ RunTime:0.000000s ]

[ 2015-08-07T18:59:33+08:00 ] 192.168.1.109 /huawei/trouble/mobile/Website/Index/saveuser
INFO: [ app_init ] --START--
INFO: Run Behavior\BuildLiteBehavior [ RunTime:0.000000s ]
INFO: [ app_init ] --END-- [ RunTime:0.000000s ]

[ 2015-08-07T19:00:44+08:00 ] 192.168.1.109 /huawei/trouble/mobile/Website/Index/saveuser
INFO: [ app_init ] --START--
INFO: Run Behavior\BuildLiteBehavior [ RunTime:0.000000s ]
INFO: [ app_init ] --END-- [ RunTime:0.001000s ]

[ 2015-08-07T19:04:55+08:00 ] 192.168.1.109 /huawei/trouble/mobile/Website/Index/index
INFO: [ app_init ] --START--
INFO: Run Behavior\BuildLiteBehavior [ RunTime:0.000000s ]
INFO: [ app_init ] --END-- [ RunTime:0.000000s ]

[ 2015-08-07T19:04:55+08:00 ] 192.168.1.109 /huawei/trouble/mobile/Website/Index/index11
INFO: [ app_init ] --START--
INFO: Run Behavior\BuildLiteBehavior [ RunTime:0.000000s ]
INFO: [ app_init ] --END-- [ RunTime:0.000000s ]

[ 2015-08-07T19:12:30+08:00 ] 192.168.1.109 /huawei/trouble/mobile/Website/Index/index
INFO: [ app_init ] --START--
INFO: Run Behavior\BuildLiteBehavior [ RunTime:0.000000s ]
INFO: [ app_init ] --END-- [ RunTime:0.001000s ]

[ 2015-08-07T19:12:30+08:00 ] 192.168.1.109 /huawei/trouble/mobile/Website/Index/index11
INFO: [ app_init ] --START--
INFO: Run Behavior\BuildLiteBehavior [ RunTime:0.000000s ]
INFO: [ app_init ] --END-- [ RunTime:0.000000s ]

[ 2015-08-07T19:13:15+08:00 ] 192.168.1.109 /huawei/trouble/mobile/Website/Index/index11
INFO: [ app_init ] --START--
INFO: Run Behavior\BuildLiteBehavior [ RunTime:0.000000s ]
INFO: [ app_init ] --END-- [ RunTime:0.001000s ]

[ 2015-08-07T19:15:49+08:00 ] 192.168.1.105 /huawei/trouble/mobile/Website/Index/index
INFO: [ app_init ] --START--
INFO: Run Behavior\BuildLiteBehavior [ RunTime:0.000000s ]
INFO: [ app_init ] --END-- [ RunTime:0.001000s ]

[ 2015-08-07T19:16:17+08:00 ] 192.168.1.105 /huawei/trouble/mobile/Website/Index/index
INFO: [ app_init ] --START--
INFO: Run Behavior\BuildLiteBehavior [ RunTime:0.000000s ]
INFO: [ app_init ] --END-- [ RunTime:0.000000s ]

[ 2015-08-07T19:16:17+08:00 ] 192.168.1.105 /huawei/trouble/mobile/Website/Index/index11
INFO: [ app_init ] --START--
INFO: Run Behavior\BuildLiteBehavior [ RunTime:0.000000s ]
INFO: [ app_init ] --END-- [ RunTime:0.000000s ]

[ 2015-08-07T19:17:13+08:00 ] 192.168.1.105 /huawei/trouble/mobile/Website/Index/index
INFO: [ app_init ] --START--
INFO: Run Behavior\BuildLiteBehavior [ RunTime:0.000000s ]
INFO: [ app_init ] --END-- [ RunTime:0.000000s ]

[ 2015-08-07T19:17:14+08:00 ] 192.168.1.105 /huawei/trouble/mobile/Website/Index/index11
INFO: [ app_init ] --START--
INFO: Run Behavior\BuildLiteBehavior [ RunTime:0.000000s ]
INFO: [ app_init ] --END-- [ RunTime:0.001000s ]

[ 2015-08-07T19:18:17+08:00 ] 192.168.1.105 /huawei/trouble/mobile/Website/Index/index
INFO: [ app_init ] --START--
INFO: Run Behavior\BuildLiteBehavior [ RunTime:0.000000s ]
INFO: [ app_init ] --END-- [ RunTime:0.000000s ]

[ 2015-08-07T19:18:18+08:00 ] 192.168.1.105 /huawei/trouble/mobile/Website/Index/index11
INFO: [ app_init ] --START--
INFO: Run Behavior\BuildLiteBehavior [ RunTime:0.000000s ]
INFO: [ app_init ] --END-- [ RunTime:0.001000s ]

[ 2015-08-07T19:18:30+08:00 ] 192.168.1.105 /huawei/trouble/mobile/Website/Index/index
INFO: [ app_init ] --START--
INFO: Run Behavior\BuildLiteBehavior [ RunTime:0.000000s ]
INFO: [ app_init ] --END-- [ RunTime:0.001000s ]

[ 2015-08-07T19:18:38+08:00 ] 192.168.1.105 /huawei/trouble/mobile/Website/Index/index11
INFO: [ app_init ] --START--
INFO: Run Behavior\BuildLiteBehavior [ RunTime:0.000000s ]
INFO: [ app_init ] --END-- [ RunTime:0.000000s ]

[ 2015-08-07T19:18:48+08:00 ] 192.168.1.105 /huawei/trouble/mobile/Website/Index/index
INFO: [ app_init ] --START--
INFO: Run Behavior\BuildLiteBehavior [ RunTime:0.000000s ]
INFO: [ app_init ] --END-- [ RunTime:0.001000s ]

[ 2015-08-07T19:18:49+08:00 ] 192.168.1.105 /huawei/trouble/mobile/Website/Index/index11
INFO: [ app_init ] --START--
INFO: Run Behavior\BuildLiteBehavior [ RunTime:0.000000s ]
INFO: [ app_init ] --END-- [ RunTime:0.001000s ]

[ 2015-08-07T19:19:28+08:00 ] 192.168.1.105 /huawei/trouble/mobile/Website/Index/index
INFO: [ app_init ] --START--
INFO: Run Behavior\BuildLiteBehavior [ RunTime:0.000000s ]
INFO: [ app_init ] --END-- [ RunTime:0.000000s ]

[ 2015-08-07T19:19:29+08:00 ] 192.168.1.105 /huawei/trouble/mobile/Website/Index/index11
INFO: [ app_init ] --START--
INFO: Run Behavior\BuildLiteBehavior [ RunTime:0.000000s ]
INFO: [ app_init ] --END-- [ RunTime:0.000000s ]

[ 2015-08-07T19:19:37+08:00 ] 192.168.1.105 /huawei/trouble/mobile/Website/Index/index
INFO: [ app_init ] --START--
INFO: Run Behavior\BuildLiteBehavior [ RunTime:0.000000s ]
INFO: [ app_init ] --END-- [ RunTime:0.001000s ]

[ 2015-08-07T19:19:42+08:00 ] 192.168.1.105 /huawei/trouble/mobile/Website/Index/index
INFO: [ app_init ] --START--
INFO: Run Behavior\BuildLiteBehavior [ RunTime:0.000000s ]
INFO: [ app_init ] --END-- [ RunTime:0.001001s ]

[ 2015-08-07T19:19:49+08:00 ] 192.168.1.105 /huawei/trouble/mobile/Website/Index/index
INFO: [ app_init ] --START--
INFO: Run Behavior\BuildLiteBehavior [ RunTime:0.000000s ]
INFO: [ app_init ] --END-- [ RunTime:0.000000s ]

[ 2015-08-07T19:23:29+08:00 ] 192.168.1.105 /huawei/trouble/mobile/Website/Index/index
INFO: [ app_init ] --START--
INFO: Run Behavior\BuildLiteBehavior [ RunTime:0.000000s ]
INFO: [ app_init ] --END-- [ RunTime:0.001000s ]

[ 2015-08-07T19:23:30+08:00 ] 192.168.1.105 /huawei/trouble/mobile/Website/Index/index11
INFO: [ app_init ] --START--
INFO: Run Behavior\BuildLiteBehavior [ RunTime:0.000000s ]
INFO: [ app_init ] --END-- [ RunTime:0.000000s ]

[ 2015-08-07T19:24:32+08:00 ] 192.168.1.105 /huawei/trouble/mobile/Website/Index/index
INFO: [ app_init ] --START--
INFO: Run Behavior\BuildLiteBehavior [ RunTime:0.000000s ]
INFO: [ app_init ] --END-- [ RunTime:0.001000s ]

[ 2015-08-07T19:24:41+08:00 ] 192.168.1.105 /huawei/trouble/mobile/Website/Index/index
INFO: [ app_init ] --START--
INFO: Run Behavior\BuildLiteBehavior [ RunTime:0.000000s ]
INFO: [ app_init ] --END-- [ RunTime:0.000000s ]

[ 2015-08-07T19:24:43+08:00 ] 192.168.1.105 /huawei/trouble/mobile/Website/Index/index11
INFO: [ app_init ] --START--
INFO: Run Behavior\BuildLiteBehavior [ RunTime:0.000000s ]
INFO: [ app_init ] --END-- [ RunTime:0.001000s ]

[ 2015-08-07T19:25:25+08:00 ] 192.168.1.105 /huawei/trouble/mobile/Website/Index/index
INFO: [ app_init ] --START--
INFO: Run Behavior\BuildLiteBehavior [ RunTime:0.000000s ]
INFO: [ app_init ] --END-- [ RunTime:0.001000s ]

[ 2015-08-07T19:25:52+08:00 ] 192.168.1.105 /huawei/trouble/mobile/Website/Index/index
INFO: [ app_init ] --START--
INFO: Run Behavior\BuildLiteBehavior [ RunTime:0.000000s ]
INFO: [ app_init ] --END-- [ RunTime:0.001000s ]

[ 2015-08-07T19:26:03+08:00 ] 192.168.1.105 /huawei/trouble/mobile/Website/Index/index11
INFO: [ app_init ] --START--
INFO: Run Behavior\BuildLiteBehavior [ RunTime:0.000000s ]
INFO: [ app_init ] --END-- [ RunTime:0.001000s ]

[ 2015-08-07T19:26:28+08:00 ] 192.168.1.105 /huawei/trouble/mobile/Website/Index/index
INFO: [ app_init ] --START--
INFO: Run Behavior\BuildLiteBehavior [ RunTime:0.000000s ]
INFO: [ app_init ] --END-- [ RunTime:0.001000s ]

[ 2015-08-07T19:26:30+08:00 ] 192.168.1.105 /huawei/trouble/mobile/Website/Index/index11
INFO: [ app_init ] --START--
INFO: Run Behavior\BuildLiteBehavior [ RunTime:0.000000s ]
INFO: [ app_init ] --END-- [ RunTime:0.001000s ]

[ 2015-08-07T19:27:13+08:00 ] 192.168.1.105 /huawei/trouble/mobile/Website/Index/index
INFO: [ app_init ] --START--
INFO: Run Behavior\BuildLiteBehavior [ RunTime:0.000000s ]
INFO: [ app_init ] --END-- [ RunTime:0.001000s ]

[ 2015-08-07T19:27:19+08:00 ] 192.168.1.105 /huawei/trouble/mobile/Website/Index/index11
INFO: [ app_init ] --START--
INFO: Run Behavior\BuildLiteBehavior [ RunTime:0.000000s ]
INFO: [ app_init ] --END-- [ RunTime:0.000000s ]

[ 2015-08-07T19:28:59+08:00 ] 192.168.1.105 /huawei/trouble/mobile/Website/Index/index
INFO: [ app_init ] --START--
INFO: Run Behavior\BuildLiteBehavior [ RunTime:0.001000s ]
INFO: [ app_init ] --END-- [ RunTime:0.001000s ]

[ 2015-08-07T19:29:09+08:00 ] 192.168.1.105 /huawei/trouble/mobile/Website/Index/index11
INFO: [ app_init ] --START--
INFO: Run Behavior\BuildLiteBehavior [ RunTime:0.000000s ]
INFO: [ app_init ] --END-- [ RunTime:0.000000s ]

[ 2015-08-07T19:29:21+08:00 ] 192.168.1.109 /huawei/trouble/mobile/Website/Index/index
INFO: [ app_init ] --START--
INFO: Run Behavior\BuildLiteBehavior [ RunTime:0.000000s ]
INFO: [ app_init ] --END-- [ RunTime:0.000000s ]

[ 2015-08-07T19:29:21+08:00 ] 192.168.1.109 /huawei/trouble/mobile/Website/Index/index11
INFO: [ app_init ] --START--
INFO: Run Behavior\BuildLiteBehavior [ RunTime:0.000000s ]
INFO: [ app_init ] --END-- [ RunTime:0.001000s ]

[ 2015-08-07T19:33:45+08:00 ] 192.168.1.105 /huawei/trouble/mobile/Website/Index/index
INFO: [ app_init ] --START--
INFO: Run Behavior\BuildLiteBehavior [ RunTime:0.000000s ]
INFO: [ app_init ] --END-- [ RunTime:0.000000s ]

[ 2015-08-07T19:33:46+08:00 ] 192.168.1.105 /huawei/trouble/mobile/Website/Index/index11
INFO: [ app_init ] --START--
INFO: Run Behavior\BuildLiteBehavior [ RunTime:0.000000s ]
INFO: [ app_init ] --END-- [ RunTime:0.001000s ]

[ 2015-08-07T19:59:27+08:00 ] 192.168.1.109 /huawei/trouble/mobile/Website/Index/index
INFO: [ app_init ] --START--
INFO: Run Behavior\BuildLiteBehavior [ RunTime:0.001000s ]
INFO: [ app_init ] --END-- [ RunTime:0.001000s ]

[ 2015-08-07T19:59:29+08:00 ] 192.168.1.109 /huawei/trouble/mobile/Website/Index/index11
INFO: [ app_init ] --START--
INFO: Run Behavior\BuildLiteBehavior [ RunTime:0.000000s ]
INFO: [ app_init ] --END-- [ RunTime:0.001000s ]

[ 2015-08-07T20:00:43+08:00 ] 192.168.1.109 /huawei/trouble/mobile/Website/Index/index
INFO: [ app_init ] --START--
INFO: Run Behavior\BuildLiteBehavior [ RunTime:0.000000s ]
INFO: [ app_init ] --END-- [ RunTime:0.000000s ]

[ 2015-08-07T20:00:44+08:00 ] 192.168.1.109 /huawei/trouble/mobile/Website/Index/index11
INFO: [ app_init ] --START--
INFO: Run Behavior\BuildLiteBehavior [ RunTime:0.000000s ]
INFO: [ app_init ] --END-- [ RunTime:0.000000s ]

[ 2015-08-07T20:17:33+08:00 ] 192.168.1.109 /huawei/trouble/mobile/Website/Index/index
INFO: [ app_init ] --START--
INFO: Run Behavior\BuildLiteBehavior [ RunTime:0.000000s ]
INFO: [ app_init ] --END-- [ RunTime:0.001001s ]

[ 2015-08-07T20:17:34+08:00 ] 192.168.1.109 /huawei/trouble/mobile/Website/Index/index11
INFO: [ app_init ] --START--
INFO: Run Behavior\BuildLiteBehavior [ RunTime:0.000000s ]
INFO: [ app_init ] --END-- [ RunTime:0.000000s ]

[ 2015-08-07T20:17:49+08:00 ] 192.168.1.109 /huawei/trouble/mobile/Website/Index/index
INFO: [ app_init ] --START--
INFO: Run Behavior\BuildLiteBehavior [ RunTime:0.000000s ]
INFO: [ app_init ] --END-- [ RunTime:0.001000s ]

[ 2015-08-07T20:17:50+08:00 ] 192.168.1.109 /huawei/trouble/mobile/Website/Index/index11
INFO: [ app_init ] --START--
INFO: Run Behavior\BuildLiteBehavior [ RunTime:0.000000s ]
INFO: [ app_init ] --END-- [ RunTime:0.000000s ]

[ 2015-08-07T20:18:21+08:00 ] 192.168.1.109 /huawei/trouble/mobile/Website/Index/index
INFO: [ app_init ] --START--
INFO: Run Behavior\BuildLiteBehavior [ RunTime:0.000000s ]
INFO: [ app_init ] --END-- [ RunTime:0.000000s ]

[ 2015-08-07T20:18:22+08:00 ] 192.168.1.109 /huawei/trouble/mobile/Website/Index/index11
INFO: [ app_init ] --START--
INFO: Run Behavior\BuildLiteBehavior [ RunTime:0.000000s ]
INFO: [ app_init ] --END-- [ RunTime:0.000000s ]

[ 2015-08-07T20:20:14+08:00 ] 192.168.1.109 /huawei/trouble/mobile/Website/Index/index
INFO: [ app_init ] --START--
INFO: Run Behavior\BuildLiteBehavior [ RunTime:0.000000s ]
INFO: [ app_init ] --END-- [ RunTime:0.001000s ]

[ 2015-08-07T20:20:15+08:00 ] 192.168.1.109 /huawei/trouble/mobile/Website/Index/index11
INFO: [ app_init ] --START--
INFO: Run Behavior\BuildLiteBehavior [ RunTime:0.000000s ]
INFO: [ app_init ] --END-- [ RunTime:0.001000s ]

[ 2015-08-07T20:20:30+08:00 ] 192.168.1.109 /huawei/trouble/mobile/Website/Index/index
INFO: [ app_init ] --START--
INFO: Run Behavior\BuildLiteBehavior [ RunTime:0.000000s ]
INFO: [ app_init ] --END-- [ RunTime:0.000000s ]

[ 2015-08-07T20:20:30+08:00 ] 192.168.1.109 /huawei/trouble/mobile/Website/Index/index11
INFO: [ app_init ] --START--
INFO: Run Behavior\BuildLiteBehavior [ RunTime:0.000000s ]
INFO: [ app_init ] --END-- [ RunTime:0.000000s ]

[ 2015-08-07T20:20:37+08:00 ] 192.168.1.109 /huawei/trouble/mobile/Website/Index/index
INFO: [ app_init ] --START--
INFO: Run Behavior\BuildLiteBehavior [ RunTime:0.000000s ]
INFO: [ app_init ] --END-- [ RunTime:0.000000s ]

[ 2015-08-07T20:20:37+08:00 ] 192.168.1.109 /huawei/trouble/mobile/Website/Index/index11
INFO: [ app_init ] --START--
INFO: Run Behavior\BuildLiteBehavior [ RunTime:0.000000s ]
INFO: [ app_init ] --END-- [ RunTime:0.001000s ]

[ 2015-08-07T20:28:52+08:00 ] 192.168.1.109 /huawei/trouble/mobile/Website/Index/index
INFO: [ app_init ] --START--
INFO: Run Behavior\BuildLiteBehavior [ RunTime:0.000000s ]
INFO: [ app_init ] --END-- [ RunTime:0.001000s ]

[ 2015-08-07T20:28:52+08:00 ] 192.168.1.109 /huawei/trouble/mobile/Website/Index/index11
INFO: [ app_init ] --START--
INFO: Run Behavior\BuildLiteBehavior [ RunTime:0.000000s ]
INFO: [ app_init ] --END-- [ RunTime:0.001000s ]

[ 2015-08-07T21:38:30+08:00 ] 192.168.1.109 /huawei/trouble/mobile/Website/Index/index
INFO: [ app_init ] --START--
INFO: Run Behavior\BuildLiteBehavior [ RunTime:0.000000s ]
INFO: [ app_init ] --END-- [ RunTime:0.000000s ]

[ 2015-08-07T21:38:31+08:00 ] 192.168.1.109 /huawei/trouble/mobile/Website/Index/index11
INFO: [ app_init ] --START--
INFO: Run Behavior\BuildLiteBehavior [ RunTime:0.000000s ]
INFO: [ app_init ] --END-- [ RunTime:0.000000s ]

[ 2015-08-07T21:38:33+08:00 ] 192.168.1.109 /huawei/trouble/mobile/Website/Index/index
INFO: [ app_init ] --START--
INFO: Run Behavior\BuildLiteBehavior [ RunTime:0.000000s ]
INFO: [ app_init ] --END-- [ RunTime:0.001000s ]

[ 2015-08-07T21:38:34+08:00 ] 192.168.1.109 /huawei/trouble/mobile/Website/Index/index11
INFO: [ app_init ] --START--
INFO: Run Behavior\BuildLiteBehavior [ RunTime:0.000000s ]
INFO: [ app_init ] --END-- [ RunTime:0.000000s ]

[ 2015-08-07T21:38:35+08:00 ] 192.168.1.109 /huawei/trouble/mobile/Website/Index/index
INFO: [ app_init ] --START--
INFO: Run Behavior\BuildLiteBehavior [ RunTime:0.000000s ]
INFO: [ app_init ] --END-- [ RunTime:0.001000s ]

[ 2015-08-07T21:38:35+08:00 ] 192.168.1.109 /huawei/trouble/mobile/Website/Index/index11
INFO: [ app_init ] --START--
INFO: Run Behavior\BuildLiteBehavior [ RunTime:0.000000s ]
INFO: [ app_init ] --END-- [ RunTime:0.001000s ]

[ 2015-08-07T21:38:36+08:00 ] 192.168.1.109 /huawei/trouble/mobile/Website/Index/index
INFO: [ app_init ] --START--
INFO: Run Behavior\BuildLiteBehavior [ RunTime:0.000000s ]
INFO: [ app_init ] --END-- [ RunTime:0.001000s ]

[ 2015-08-07T21:38:37+08:00 ] 192.168.1.109 /huawei/trouble/mobile/Website/Index/index11
INFO: [ app_init ] --START--
INFO: Run Behavior\BuildLiteBehavior [ RunTime:0.000000s ]
INFO: [ app_init ] --END-- [ RunTime:0.000000s ]

[ 2015-08-07T21:38:38+08:00 ] 192.168.1.109 /huawei/trouble/mobile/Website/Index/index
INFO: [ app_init ] --START--
INFO: Run Behavior\BuildLiteBehavior [ RunTime:0.000000s ]
INFO: [ app_init ] --END-- [ RunTime:0.000000s ]

[ 2015-08-07T21:38:38+08:00 ] 192.168.1.109 /huawei/trouble/mobile/Website/Index/index11
INFO: [ app_init ] --START--
INFO: Run Behavior\BuildLiteBehavior [ RunTime:0.000000s ]
INFO: [ app_init ] --END-- [ RunTime:0.000000s ]

[ 2015-08-07T21:38:55+08:00 ] 192.168.1.109 /huawei/trouble/mobile/Website/Index/index
INFO: [ app_init ] --START--
INFO: Run Behavior\BuildLiteBehavior [ RunTime:0.001000s ]
INFO: [ app_init ] --END-- [ RunTime:0.001000s ]

[ 2015-08-07T21:38:56+08:00 ] 192.168.1.109 /huawei/trouble/mobile/Website/Index/index11
INFO: [ app_init ] --START--
INFO: Run Behavior\BuildLiteBehavior [ RunTime:0.000000s ]
INFO: [ app_init ] --END-- [ RunTime:0.000000s ]

[ 2015-08-07T21:39:03+08:00 ] 192.168.1.109 /huawei/trouble/mobile/Website/Index/index
INFO: [ app_init ] --START--
INFO: Run Behavior\BuildLiteBehavior [ RunTime:0.000000s ]
INFO: [ app_init ] --END-- [ RunTime:0.000000s ]

[ 2015-08-07T21:39:05+08:00 ] 192.168.1.109 /huawei/trouble/mobile/Website/Index/index11
INFO: [ app_init ] --START--
INFO: Run Behavior\BuildLiteBehavior [ RunTime:0.000000s ]
INFO: [ app_init ] --END-- [ RunTime:0.000000s ]

[ 2015-08-07T21:39:11+08:00 ] 192.168.1.109 /huawei/trouble/mobile/Website/Index/index
INFO: [ app_init ] --START--
INFO: Run Behavior\BuildLiteBehavior [ RunTime:0.001000s ]
INFO: [ app_init ] --END-- [ RunTime:0.001000s ]

[ 2015-08-07T21:39:14+08:00 ] 192.168.1.109 /huawei/trouble/mobile/Website/Index/index11
INFO: [ app_init ] --START--
INFO: Run Behavior\BuildLiteBehavior [ RunTime:0.000000s ]
INFO: [ app_init ] --END-- [ RunTime:0.000000s ]

[ 2015-08-07T21:39:21+08:00 ] 192.168.1.109 /huawei/trouble/mobile/Website/Index/index
INFO: [ app_init ] --START--
INFO: Run Behavior\BuildLiteBehavior [ RunTime:0.000000s ]
INFO: [ app_init ] --END-- [ RunTime:0.000000s ]

[ 2015-08-07T21:39:24+08:00 ] 192.168.1.109 /huawei/trouble/mobile/Website/Index/index11
INFO: [ app_init ] --START--
INFO: Run Behavior\BuildLiteBehavior [ RunTime:0.000000s ]
INFO: [ app_init ] --END-- [ RunTime:0.000000s ]

[ 2015-08-07T21:39:32+08:00 ] 192.168.1.109 /huawei/trouble/mobile/Website/Index/index
INFO: [ app_init ] --START--
INFO: Run Behavior\BuildLiteBehavior [ RunTime:0.000000s ]
INFO: [ app_init ] --END-- [ RunTime:0.000000s ]

[ 2015-08-07T21:39:35+08:00 ] 192.168.1.109 /huawei/trouble/mobile/Website/Index/index11
INFO: [ app_init ] --START--
INFO: Run Behavior\BuildLiteBehavior [ RunTime:0.000000s ]
INFO: [ app_init ] --END-- [ RunTime:0.000000s ]

[ 2015-08-07T21:41:23+08:00 ] 192.168.1.109 /huawei/trouble/mobile/Website/Index/index
INFO: [ app_init ] --START--
INFO: Run Behavior\BuildLiteBehavior [ RunTime:0.000000s ]
INFO: [ app_init ] --END-- [ RunTime:0.001000s ]

[ 2015-08-07T21:41:26+08:00 ] 192.168.1.109 /huawei/trouble/mobile/Website/Index/index11
INFO: [ app_init ] --START--
INFO: Run Behavior\BuildLiteBehavior [ RunTime:0.000000s ]
INFO: [ app_init ] --END-- [ RunTime:0.001000s ]

[ 2015-08-07T21:45:41+08:00 ] 192.168.1.109 /huawei/trouble/mobile/Website/Index/index
INFO: [ app_init ] --START--
INFO: Run Behavior\BuildLiteBehavior [ RunTime:0.000000s ]
INFO: [ app_init ] --END-- [ RunTime:0.036002s ]

[ 2015-08-07T21:45:58+08:00 ] 192.168.1.109 /huawei/trouble/mobile/Website/Index/index
INFO: [ app_init ] --START--
INFO: Run Behavior\BuildLiteBehavior [ RunTime:0.000000s ]
INFO: [ app_init ] --END-- [ RunTime:0.000000s ]

[ 2015-08-07T21:46:00+08:00 ] 192.168.1.109 /huawei/trouble/mobile/Website/Index/index11
INFO: [ app_init ] --START--
INFO: Run Behavior\BuildLiteBehavior [ RunTime:0.000000s ]
INFO: [ app_init ] --END-- [ RunTime:0.000000s ]

[ 2015-08-07T21:46:08+08:00 ] 192.168.1.109 /huawei/trouble/mobile/Website/Index/index
INFO: [ app_init ] --START--
INFO: Run Behavior\BuildLiteBehavior [ RunTime:0.000000s ]
INFO: [ app_init ] --END-- [ RunTime:0.001000s ]

[ 2015-08-07T21:46:09+08:00 ] 192.168.1.109 /huawei/trouble/mobile/Website/Index/index11
INFO: [ app_init ] --START--
INFO: Run Behavior\BuildLiteBehavior [ RunTime:0.000000s ]
INFO: [ app_init ] --END-- [ RunTime:0.000000s ]

