[ 2015-09-05T12:31:14+08:00 ] 192.168.1.109 /huawei/xiaok/xk/public/images/8/huadong.jpg
INFO: [ app_init ] --START--
INFO: Run Behavior\BuildLiteBehavior [ RunTime:0.000000s ]
INFO: [ app_init ] --END-- [ RunTime:0.003000s ]

[ 2015-09-05T12:32:49+08:00 ] 192.168.1.109 /huawei/xiaok/xk/public/images/8/huadong.jpg
INFO: [ app_init ] --START--
INFO: Run Behavior\BuildLiteBehavior [ RunTime:0.000000s ]
INFO: [ app_init ] --END-- [ RunTime:0.000000s ]

[ 2015-09-05T12:33:47+08:00 ] 192.168.1.109 /huawei/xiaok/xk/public/images/8/huadong.jpg
INFO: [ app_init ] --START--
INFO: Run Behavior\BuildLiteBehavior [ RunTime:0.000000s ]
INFO: [ app_init ] --END-- [ RunTime:0.001000s ]

[ 2015-09-05T12:38:44+08:00 ] 192.168.1.109 /huawei/xiaok/xk/public/images/8/huadong.jpg
INFO: [ app_init ] --START--
INFO: Run Behavior\BuildLiteBehavior [ RunTime:0.000000s ]
INFO: [ app_init ] --END-- [ RunTime:0.001000s ]

[ 2015-09-05T13:35:50+08:00 ] 192.168.1.109 /huawei/xiaok/xk/public/images/yyy/.png
INFO: [ app_init ] --START--
INFO: Run Behavior\BuildLiteBehavior [ RunTime:0.000000s ]
INFO: [ app_init ] --END-- [ RunTime:0.001000s ]

[ 2015-09-05T13:38:41+08:00 ] 192.168.1.109 /huawei/xiaok/xk/public/images/yyy/.png
INFO: [ app_init ] --START--
INFO: Run Behavior\BuildLiteBehavior [ RunTime:0.000000s ]
INFO: [ app_init ] --END-- [ RunTime:0.001000s ]

[ 2015-09-05T13:39:05+08:00 ] 192.168.1.109 /huawei/xiaok/xk/public/images/yyy/.png
INFO: [ app_init ] --START--
INFO: Run Behavior\BuildLiteBehavior [ RunTime:0.000000s ]
INFO: [ app_init ] --END-- [ RunTime:0.000000s ]

[ 2015-09-05T13:39:33+08:00 ] 192.168.1.109 /huawei/xiaok/xk/public/images/yyy/.png
INFO: [ app_init ] --START--
INFO: Run Behavior\BuildLiteBehavior [ RunTime:0.000000s ]
INFO: [ app_init ] --END-- [ RunTime:0.000000s ]

[ 2015-09-05T13:42:02+08:00 ] 192.168.1.109 /huawei/xiaok/xk/public/images/yyy/.png
INFO: [ app_init ] --START--
INFO: Run Behavior\BuildLiteBehavior [ RunTime:0.000000s ]
INFO: [ app_init ] --END-- [ RunTime:0.000000s ]

[ 2015-09-05T14:59:01+08:00 ] 192.168.1.101 /huawei/xiaok/xk/public/images/yyy/.png
INFO: [ app_init ] --START--
INFO: Run Behavior\BuildLiteBehavior [ RunTime:0.000000s ]
INFO: [ app_init ] --END-- [ RunTime:0.002000s ]

[ 2015-09-05T15:01:36+08:00 ] 192.168.1.101 /huawei/xiaok/xk/public/images/yyy/.png
INFO: [ app_init ] --START--
INFO: Run Behavior\BuildLiteBehavior [ RunTime:0.000000s ]
INFO: [ app_init ] --END-- [ RunTime:0.001000s ]

[ 2015-09-05T15:02:50+08:00 ] 192.168.1.101 /huawei/xiaok/xk/public/images/yyy/.png
INFO: [ app_init ] --START--
INFO: Run Behavior\BuildLiteBehavior [ RunTime:0.000000s ]
INFO: [ app_init ] --END-- [ RunTime:0.000000s ]

[ 2015-09-05T15:03:40+08:00 ] 192.168.1.101 /huawei/xiaok/xk/public/images/yyy/.png
INFO: [ app_init ] --START--
INFO: Run Behavior\BuildLiteBehavior [ RunTime:0.000000s ]
INFO: [ app_init ] --END-- [ RunTime:0.001000s ]

[ 2015-09-05T15:23:33+08:00 ] 192.168.1.101 /huawei/xiaok/xk/public/images/yyy/.png
INFO: [ app_init ] --START--
INFO: Run Behavior\BuildLiteBehavior [ RunTime:0.000000s ]
INFO: [ app_init ] --END-- [ RunTime:0.000000s ]

[ 2015-09-05T15:29:05+08:00 ] 192.168.1.101 /huawei/xiaok/xk/public/images/yyy/.png
INFO: [ app_init ] --START--
INFO: Run Behavior\BuildLiteBehavior [ RunTime:0.000000s ]
INFO: [ app_init ] --END-- [ RunTime:0.001000s ]

[ 2015-09-05T16:11:29+08:00 ] 192.168.1.109 /huawei/xiaok/xk/public/images/yyy/.png
INFO: [ app_init ] --START--
INFO: Run Behavior\BuildLiteBehavior [ RunTime:0.000000s ]
INFO: [ app_init ] --END-- [ RunTime:0.000000s ]

[ 2015-09-05T17:28:38+08:00 ] 192.168.1.109 /huawei/xiaok/xk/public/images/yyy/.png
INFO: [ app_init ] --START--
INFO: Run Behavior\BuildLiteBehavior [ RunTime:0.000000s ]
INFO: [ app_init ] --END-- [ RunTime:0.001000s ]

]

[ 2015-09-05T17:30:25+08:00 ] 192.168.1.109 /huawei/xiaok/xk/public/images/yyy/.png
INFO: [ app_init ] --START--
INFO: Run Behavior\BuildLiteBehavior [ RunTime:0.000000s ]
INFO: [ app_init ] --END-- [ RunTime:0.000000s ]

[ 2015-09-05T17:30:25+08:00 ] 192.168.1.109 /huawei/xiaok/xk/public/images/1/anniu_2.png
INFO: [ app_init ] --START--
INFO: Run Behavior\BuildLiteBehavior [ RunTime:0.000000s ]
INFO: [ app_init ] --END-- [ RunTime:0.000000s ]

[ 2015-09-05T17:57:25+08:00 ] 192.168.1.109 /huawei/xiaok/xk/Public/images/yyy/.png
INFO: [ app_init ] --START--
INFO: Run Behavior\BuildLiteBehavior [ RunTime:0.000000s ]
INFO: [ app_init ] --END-- [ RunTime:0.028001s ]

[ 2015-09-05T18:23:30+08:00 ] 192.168.1.109 /huawei/xiaok/xk/Public/images/yyy/.png
INFO: [ app_init ] --START--
INFO: Run Behavior\BuildLiteBehavior [ RunTime:0.000000s ]
INFO: [ app_init ] --END-- [ RunTime:0.001000s ]

[ 2015-09-05T18:23:30+08:00 ] 192.168.1.109 /huawei/xiaok/xk/Public/images/yyy/.png
INFO: [ app_init ] --START--
INFO: Run Behavior\BuildLiteBehavior [ RunTime:0.000000s ]
INFO: [ app_init ] --END-- [ RunTime:0.000000s ]

[ 2015-09-05T18:23:38+08:00 ] 192.168.1.109 /huawei/xiaok/xk/Public/images/yyy/.png
INFO: [ app_init ] --START--
INFO: Run Behavior\BuildLiteBehavior [ RunTime:0.000000s ]
INFO: [ app_init ] --END-- [ RunTime:0.001001s ]

[ 2015-09-05T18:23:39+08:00 ] 192.168.1.109 /huawei/xiaok/xk/Public/images/yyy/.png
INFO: [ app_init ] --START--
INFO: Run Behavior\BuildLiteBehavior [ RunTime:0.000000s ]
INFO: [ app_init ] --END-- [ RunTime:0.001000s ]

[ 2015-09-05T18:23:43+08:00 ] 192.168.1.109 /huawei/xiaok/xk/Public/images/yyy/.png
INFO: [ app_init ] --START--
INFO: Run Behavior\BuildLiteBehavior [ RunTime:0.000000s ]
INFO: [ app_init ] --END-- [ RunTime:0.000000s ]

[ 2015-09-05T18:23:43+08:00 ] 192.168.1.109 /huawei/xiaok/xk/Public/images/yyy/.png
INFO: [ app_init ] --START--
INFO: Run Behavior\BuildLiteBehavior [ RunTime:0.000000s ]
INFO: [ app_init ] --END-- [ RunTime:0.000000s ]

[ 2015-09-05T18:23:45+08:00 ] 192.168.1.109 /huawei/xiaok/xk/Public/images/yyy/.png
INFO: [ app_init ] --START--
INFO: Run Behavior\BuildLiteBehavior [ RunTime:0.000000s ]
INFO: [ app_init ] --END-- [ RunTime:0.001000s ]

[ 2015-09-05T18:23:46+08:00 ] 192.168.1.109 /huawei/xiaok/xk/Public/images/yyy/.png
INFO: [ app_init ] --START--
INFO: Run Behavior\BuildLiteBehavior [ RunTime:0.000000s ]
INFO: [ app_init ] --END-- [ RunTime:0.000000s ]

[ 2015-09-05T18:24:14+08:00 ] 192.168.1.109 /huawei/xiaok/xk/Public/images/yyy/.png
INFO: [ app_init ] --START--
INFO: Run Behavior\BuildLiteBehavior [ RunTime:0.000000s ]
INFO: [ app_init ] --END-- [ RunTime:0.001000s ]

[ 2015-09-05T18:24:32+08:00 ] 192.168.1.109 /huawei/xiaok/xk/Public/images/yyy/.png
INFO: [ app_init ] --START--
INFO: Run Behavior\BuildLiteBehavior [ RunTime:0.000000s ]
INFO: [ app_init ] --END-- [ RunTime:0.001000s ]

[ 2015-09-05T18:24:35+08:00 ] 192.168.1.109 /huawei/xiaok/xk/Public/images/yyy/.png
INFO: [ app_init ] --START--
INFO: Run Behavior\BuildLiteBehavior [ RunTime:0.000000s ]
INFO: [ app_init ] --END-- [ RunTime:0.000000s ]

[ 2015-09-05T18:27:33+08:00 ] 192.168.1.109 /huawei/xiaok/xk/Public/images/yyy/.png
INFO: [ app_init ] --START--
INFO: Run Behavior\BuildLiteBehavior [ RunTime:0.000000s ]
INFO: [ app_init ] --END-- [ RunTime:0.000000s ]

[ 2015-09-05T18:27:45+08:00 ] 192.168.1.109 /huawei/xiaok/xk/Public/images/yyy/.png
INFO: [ app_init ] --START--
INFO: Run Behavior\BuildLiteBehavior [ RunTime:0.000000s ]
INFO: [ app_init ] --END-- [ RunTime:0.001001s ]

[ 2015-09-05T18:27:58+08:00 ] 192.168.1.109 /huawei/xiaok/xk/Public/images/yyy/.png
INFO: [ app_init ] --START--
INFO: Run Behavior\BuildLiteBehavior [ RunTime:0.000000s ]
INFO: [ app_init ] --END-- [ RunTime:0.000000s ]

[ 2015-09-05T18:27:58+08:00 ] 192.168.1.109 /huawei/xiaok/xk/Public/images/yyy/.png
INFO: [ app_init ] --START--
INFO: Run Behavior\BuildLiteBehavior [ RunTime:0.000000s ]
INFO: [ app_init ] --END-- [ RunTime:0.001000s ]

[ 2015-09-05T18:28:07+08:00 ] 192.168.1.109 /huawei/xiaok/xk/Public/images/yyy/.png
INFO: [ app_init ] --START--
INFO: Run Behavior\BuildLiteBehavior [ RunTime:0.000000s ]
INFO: [ app_init ] --END-- [ RunTime:0.000000s ]

[ 2015-09-05T18:28:07+08:00 ] 192.168.1.109 /huawei/xiaok/xk/Public/images/yyy/.png
INFO: [ app_init ] --START--
INFO: Run Behavior\BuildLiteBehavior [ RunTime:0.000000s ]
INFO: [ app_init ] --END-- [ RunTime:0.001000s ]

[ 2015-09-05T18:28:13+08:00 ] 192.168.1.109 /huawei/xiaok/xk/Public/images/yyy/.png
INFO: [ app_init ] --START--
INFO: Run Behavior\BuildLiteBehavior [ RunTime:0.000000s ]
INFO: [ app_init ] --END-- [ RunTime:0.000000s ]

[ 2015-09-05T18:28:14+08:00 ] 192.168.1.109 /huawei/xiaok/xk/Public/images/yyy/.png
INFO: [ app_init ] --START--
INFO: Run Behavior\BuildLiteBehavior [ RunTime:0.000000s ]
INFO: [ app_init ] --END-- [ RunTime:0.001000s ]

[ 2015-09-05T18:28:26+08:00 ] 192.168.1.109 /huawei/xiaok/xk/Public/images/yyy/.png
INFO: [ app_init ] --START--
INFO: Run Behavior\BuildLiteBehavior [ RunTime:0.000000s ]
INFO: [ app_init ] --END-- [ RunTime:0.000000s ]

[ 2015-09-05T18:28:35+08:00 ] 192.168.1.109 /huawei/xiaok/xk/Public/images/yyy/.png
INFO: [ app_init ] --START--
INFO: Run Behavior\BuildLiteBehavior [ RunTime:0.000000s ]
INFO: [ app_init ] --END-- [ RunTime:0.000000s ]

[ 2015-09-05T18:28:40+08:00 ] 192.168.1.109 /huawei/xiaok/xk/Public/images/yyy/.png
INFO: [ app_init ] --START--
INFO: Run Behavior\BuildLiteBehavior [ RunTime:0.000000s ]
INFO: [ app_init ] --END-- [ RunTime:0.000000s ]

[ 2015-09-05T18:28:44+08:00 ] 192.168.1.109 /huawei/xiaok/xk/Public/images/yyy/.png
INFO: [ app_init ] --START--
INFO: Run Behavior\BuildLiteBehavior [ RunTime:0.000000s ]
INFO: [ app_init ] --END-- [ RunTime:0.000000s ]

[ 2015-09-05T18:28:45+08:00 ] 192.168.1.109 /huawei/xiaok/xk/Public/images/yyy/.png
INFO: [ app_init ] --START--
INFO: Run Behavior\BuildLiteBehavior [ RunTime:0.000000s ]
INFO: [ app_init ] --END-- [ RunTime:0.000000s ]

[ 2015-09-05T18:28:46+08:00 ] 192.168.1.109 /huawei/xiaok/xk/Public/images/yyy/.png
INFO: [ app_init ] --START--
INFO: Run Behavior\BuildLiteBehavior [ RunTime:0.000000s ]
INFO: [ app_init ] --END-- [ RunTime:0.001000s ]

[ 2015-09-05T18:28:47+08:00 ] 192.168.1.109 /huawei/xiaok/xk/Public/images/yyy/.png
INFO: [ app_init ] --START--
INFO: Run Behavior\BuildLiteBehavior [ RunTime:0.001001s ]
INFO: [ app_init ] --END-- [ RunTime:0.001001s ]

[ 2015-09-05T18:28:48+08:00 ] 192.168.1.109 /huawei/xiaok/xk/Public/images/yyy/.png
INFO: [ app_init ] --START--
INFO: Run Behavior\BuildLiteBehavior [ RunTime:0.000000s ]
INFO: [ app_init ] --END-- [ RunTime:0.000000s ]

[ 2015-09-05T18:28:49+08:00 ] 192.168.1.109 /huawei/xiaok/xk/Public/images/yyy/.png
INFO: [ app_init ] --START--
INFO: Run Behavior\BuildLiteBehavior [ RunTime:0.000000s ]
INFO: [ app_init ] --END-- [ RunTime:0.000000s ]

[ 2015-09-05T18:29:17+08:00 ] 192.168.1.109 /huawei/xiaok/xk/Public/images/yyy/.png
INFO: [ app_init ] --START--
INFO: Run Behavior\BuildLiteBehavior [ RunTime:0.000000s ]
INFO: [ app_init ] --END-- [ RunTime:0.001001s ]

[ 2015-09-05T18:29:18+08:00 ] 192.168.1.109 /huawei/xiaok/xk/Public/images/yyy/.png
INFO: [ app_init ] --START--
INFO: Run Behavior\BuildLiteBehavior [ RunTime:0.000000s ]
INFO: [ app_init ] --END-- [ RunTime:0.001000s ]

[ 2015-09-05T18:29:21+08:00 ] 192.168.1.109 /huawei/xiaok/xk/Public/images/yyy/.png
INFO: [ app_init ] --START--
INFO: Run Behavior\BuildLiteBehavior [ RunTime:0.000000s ]
INFO: [ app_init ] --END-- [ RunTime:0.000000s ]

[ 2015-09-05T18:29:22+08:00 ] 192.168.1.109 /huawei/xiaok/xk/Public/images/yyy/.png
INFO: [ app_init ] --START--
INFO: Run Behavior\BuildLiteBehavior [ RunTime:0.000000s ]
INFO: [ app_init ] --END-- [ RunTime:0.000000s ]

[ 2015-09-05T18:29:49+08:00 ] 192.168.1.109 /huawei/xiaok/xk/Public/images/yyy/.png
INFO: [ app_init ] --START--
INFO: Run Behavior\BuildLiteBehavior [ RunTime:0.000000s ]
INFO: [ app_init ] --END-- [ RunTime:0.000000s ]

[ 2015-09-05T18:29:50+08:00 ] 192.168.1.109 /huawei/xiaok/xk/Public/images/yyy/.png
INFO: [ app_init ] --START--
INFO: Run Behavior\BuildLiteBehavior [ RunTime:0.000000s ]
INFO: [ app_init ] --END-- [ RunTime:0.001000s ]

[ 2015-09-05T18:30:02+08:00 ] 192.168.1.109 /huawei/xiaok/xk/Public/images/yyy/.png
INFO: [ app_init ] --START--
INFO: Run Behavior\BuildLiteBehavior [ RunTime:0.000000s ]
INFO: [ app_init ] --END-- [ RunTime:0.000000s ]

[ 2015-09-05T18:30:14+08:00 ] 192.168.1.109 /huawei/xiaok/xk/Public/images/yyy/.png
INFO: [ app_init ] --START--
INFO: Run Behavior\BuildLiteBehavior [ RunTime:0.000000s ]
INFO: [ app_init ] --END-- [ RunTime:0.001000s ]

[ 2015-09-05T18:32:06+08:00 ] 192.168.1.109 /huawei/xiaok/xk/Public/images/yyy/.png
INFO: [ app_init ] --START--
INFO: Run Behavior\BuildLiteBehavior [ RunTime:0.000000s ]
INFO: [ app_init ] --END-- [ RunTime:0.000000s ]

[ 2015-09-05T18:32:09+08:00 ] 192.168.1.109 /huawei/xiaok/xk/Public/images/yyy/.png
INFO: [ app_init ] --START--
INFO: Run Behavior\BuildLiteBehavior [ RunTime:0.000000s ]
INFO: [ app_init ] --END-- [ RunTime:0.001000s ]

[ 2015-09-05T18:40:17+08:00 ] 192.168.1.109 /huawei/xiaok/xk/Public/images/yyy/.png
INFO: [ app_init ] --START--
INFO: Run Behavior\BuildLiteBehavior [ RunTime:0.000000s ]
INFO: [ app_init ] --END-- [ RunTime:0.001000s ]

[ 2015-09-05T18:40:17+08:00 ] 192.168.1.109 /huawei/xiaok/xk/Public/images/yyy/.png
INFO: [ app_init ] --START--
INFO: Run Behavior\BuildLiteBehavior [ RunTime:0.000000s ]
INFO: [ app_init ] --END-- [ RunTime:0.000000s ]

[ 2015-09-05T18:46:01+08:00 ] 192.168.1.109 /huawei/xiaok/xk/Public/images/yyy/.png
INFO: [ app_init ] --START--
INFO: Run Behavior\BuildLiteBehavior [ RunTime:0.000000s ]
INFO: [ app_init ] --END-- [ RunTime:0.000000s ]

[ 2015-09-05T18:46:01+08:00 ] 192.168.1.109 /huawei/xiaok/xk/Public/images/yyy/.png
INFO: [ app_init ] --START--
INFO: Run Behavior\BuildLiteBehavior [ RunTime:0.000000s ]
INFO: [ app_init ] --END-- [ RunTime:0.000000s ]

[ 2015-09-05T18:46:07+08:00 ] 192.168.1.109 /huawei/xiaok/xk/Public/images/yyy/.png
INFO: [ app_init ] --START--
INFO: Run Behavior\BuildLiteBehavior [ RunTime:0.000000s ]
INFO: [ app_init ] --END-- [ RunTime:0.000000s ]

[ 2015-09-05T18:46:07+08:00 ] 192.168.1.109 /huawei/xiaok/xk/Public/images/yyy/.png
INFO: [ app_init ] --START--
INFO: Run Behavior\BuildLiteBehavior [ RunTime:0.000000s ]
INFO: [ app_init ] --END-- [ RunTime:0.000000s ]

[ 2015-09-05T18:46:09+08:00 ] 192.168.1.109 /huawei/xiaok/xk/Public/images/yyy/.png
INFO: [ app_init ] --START--
INFO: Run Behavior\BuildLiteBehavior [ RunTime:0.000000s ]
INFO: [ app_init ] --END-- [ RunTime:0.001000s ]

[ 2015-09-05T18:46:09+08:00 ] 192.168.1.109 /huawei/xiaok/xk/Public/images/yyy/.png
INFO: [ app_init ] --START--
INFO: Run Behavior\BuildLiteBehavior [ RunTime:0.000000s ]
INFO: [ app_init ] --END-- [ RunTime:0.000000s ]

[ 2015-09-05T18:46:10+08:00 ] 192.168.1.109 /huawei/xiaok/xk/Public/images/yyy/.png
INFO: [ app_init ] --START--
INFO: Run Behavior\BuildLiteBehavior [ RunTime:0.000000s ]
INFO: [ app_init ] --END-- [ RunTime:0.000000s ]

[ 2015-09-05T18:46:10+08:00 ] 192.168.1.109 /huawei/xiaok/xk/Public/images/yyy/.png
INFO: [ app_init ] --START--
INFO: Run Behavior\BuildLiteBehavior [ RunTime:0.000000s ]
INFO: [ app_init ] --END-- [ RunTime:0.000000s ]

