[ 2015-09-08T11:43:07+08:00 ] 192.168.1.109 /huawei/xiaok/xk/Public/images/8/huadong_sz.png
INFO: [ app_init ] --START--
INFO: Run Behavior\BuildLiteBehavior [ RunTime:0.000000s ]
INFO: [ app_init ] --END-- [ RunTime:0.023002s ]

[ 2015-09-08T11:43:07+08:00 ] 192.168.1.109 /huawei/xiaok/xk/Public/images/8/huadong_sz.png
INFO: [ app_init ] --START--
INFO: Run Behavior\BuildLiteBehavior [ RunTime:0.000000s ]
INFO: [ app_init ] --END-- [ RunTime:0.001000s ]

[ 2015-09-08T11:43:40+08:00 ] 192.168.1.109 /huawei/xiaok/xk/Public/images/8/huadong_sz.png
INFO: [ app_init ] --START--
INFO: Run Behavior\BuildLiteBehavior [ RunTime:0.000000s ]
INFO: [ app_init ] --END-- [ RunTime:0.001000s ]

[ 2015-09-08T11:43:40+08:00 ] 192.168.1.109 /huawei/xiaok/xk/Public/images/8/huadong_sz.png
INFO: [ app_init ] --START--
INFO: Run Behavior\BuildLiteBehavior [ RunTime:0.000000s ]
INFO: [ app_init ] --END-- [ RunTime:0.001000s ]

[ 2015-09-08T15:07:43+08:00 ] 192.168.1.109 /huawei/xiaok/xk/Public/images/fx/wen.png.png
INFO: [ app_init ] --START--
INFO: Run Behavior\BuildLiteBehavior [ RunTime:0.000000s ]
INFO: [ app_init ] --END-- [ RunTime:0.016001s ]

[ 2015-09-08T15:07:43+08:00 ] 192.168.1.109 /huawei/xiaok/xk/Public/images/fx/wen.png.png
INFO: [ app_init ] --START--
INFO: Run Behavior\BuildLiteBehavior [ RunTime:0.000000s ]
INFO: [ app_init ] --END-- [ RunTime:0.000000s ]

[ 2015-09-08T17:27:04+08:00 ] 192.168.1.109 /huawei/xiaok/xk/Public/images/gif/2.png
INFO: [ app_init ] --START--
INFO: Run Behavior\BuildLiteBehavior [ RunTime:0.000000s ]
INFO: [ app_init ] --END-- [ RunTime:0.040002s ]

]

[ 2015-09-08T17:27:04+08:00 ] 192.168.1.109 /huawei/xiaok/xk/Public/images/gif/2.png
INFO: [ app_init ] --START--
INFO: Run Behavior\BuildLiteBehavior [ RunTime:0.000000s ]
INFO: [ app_init ] --END-- [ RunTime:0.000000s ]

[ 2015-09-08T17:27:04+08:00 ] 192.168.1.109 /huawei/xiaok/xk/Public/images/gif/1.png
INFO: [ app_init ] --START--
INFO: Run Behavior\BuildLiteBehavior [ RunTime:0.000000s ]
INFO: [ app_init ] --END-- [ RunTime:0.000000s ]

[ 2015-09-08T17:27:04+08:00 ] 192.168.1.109 /huawei/xiaok/xk/Public/images/bei/beij_2.jpg
INFO: [ app_init ] --START--
INFO: Run Behavior\BuildLiteBehavior [ RunTime:0.000000s ]
INFO: [ app_init ] --END-- [ RunTime:0.000000s ]

[ 2015-09-08T17:30:56+08:00 ] 192.168.1.109 /huawei/xiaok/xk/Public/images/gif/1.png
INFO: [ app_init ] --START--
INFO: Run Behavior\BuildLiteBehavior [ RunTime:0.000000s ]
INFO: [ app_init ] --END-- [ RunTime:0.000000s ]

[ 2015-09-08T17:30:56+08:00 ] 192.168.1.109 /huawei/xiaok/xk/Public/images/gif/2.png
INFO: [ app_init ] --START--
INFO: Run Behavior\BuildLiteBehavior [ RunTime:0.000000s ]
INFO: [ app_init ] --END-- [ RunTime:0.000000s ]

[ 2015-09-08T17:30:56+08:00 ] 192.168.1.109 /huawei/xiaok/xk/Public/images/gif/1.png
INFO: [ app_init ] --START--
INFO: Run Behavior\BuildLiteBehavior [ RunTime:0.000000s ]
INFO: [ app_init ] --END-- [ RunTime:0.001000s ]

[ 2015-09-08T17:30:56+08:00 ] 192.168.1.109 /huawei/xiaok/xk/Public/images/gif/2.png
INFO: [ app_init ] --START--
INFO: Run Behavior\BuildLiteBehavior [ RunTime:0.000000s ]
INFO: [ app_init ] --END-- [ RunTime:0.000000s ]

