[ 2015-08-12T09:47:02+08:00 ] 192.168.1.109 /huawei/trouble/mobile/Public/sound/xxsys.mp3
INFO: [ app_init ] --START--
INFO: Run Behavior\BuildLiteBehavior [ RunTime:0.000000s ]
INFO: [ app_init ] --END-- [ RunTime:0.016001s ]
ERR: 无法加载控制器:Public

[ 2015-08-12T09:47:09+08:00 ] 192.168.1.109 /huawei/trouble/mobile/Public/sound/xxsys.mp3
INFO: [ app_init ] --START--
INFO: Run Behavior\BuildLiteBehavior [ RunTime:0.000000s ]
INFO: [ app_init ] --END-- [ RunTime:0.001000s ]
ERR: 无法加载控制器:Public

[ 2015-08-12T09:47:10+08:00 ] 192.168.1.109 /huawei/trouble/mobile/Public/sound/xxsys.mp3
INFO: [ app_init ] --START--
INFO: Run Behavior\BuildLiteBehavior [ RunTime:0.000000s ]
INFO: [ app_init ] --END-- [ RunTime:0.001001s ]
ERR: 无法加载控制器:Public

[ 2015-08-12T09:47:13+08:00 ] 192.168.1.109 /huawei/trouble/mobile/Public/sound/xxsys.mp3
INFO: [ app_init ] --START--
INFO: Run Behavior\BuildLiteBehavior [ RunTime:0.000000s ]
INFO: [ app_init ] --END-- [ RunTime:0.001000s ]
ERR: 无法加载控制器:Public

[ 2015-08-12T09:48:19+08:00 ] 192.168.1.109 /huawei/trouble/mobile/Public/sound/xxsys.mp3
INFO: [ app_init ] --START--
INFO: Run Behavior\BuildLiteBehavior [ RunTime:0.000000s ]
INFO: [ app_init ] --END-- [ RunTime:0.001000s ]
ERR: 无法加载控制器:Public

[ 2015-08-12T09:50:57+08:00 ] 192.168.1.109 /huawei/trouble/mobile/Public/sound/xxsys.mp3
INFO: [ app_init ] --START--
INFO: Run Behavior\BuildLiteBehavior [ RunTime:0.000000s ]
INFO: [ app_init ] --END-- [ RunTime:0.000000s ]
ERR: 无法加载控制器:Public

[ 2015-08-12T09:50:59+08:00 ] 192.168.1.109 /huawei/trouble/mobile/Public/sound/xxsys.mp3
INFO: [ app_init ] --START--
INFO: Run Behavior\BuildLiteBehavior [ RunTime:0.000000s ]
INFO: [ app_init ] --END-- [ RunTime:0.000000s ]
ERR: 无法加载控制器:Public

[ 2015-08-12T09:53:08+08:00 ] 192.168.1.109 /huawei/trouble/mobile/Public/sound/xxsys.mp3
INFO: [ app_init ] --START--
INFO: Run Behavior\BuildLiteBehavior [ RunTime:0.000000s ]
INFO: [ app_init ] --END-- [ RunTime:0.000000s ]
ERR: 无法加载控制器:Public

[ 2015-08-12T09:54:52+08:00 ] 192.168.1.109 /huawei/trouble/mobile/Public/sound/xxsys.mp3
INFO: [ app_init ] --START--
INFO: Run Behavior\BuildLiteBehavior [ RunTime:0.000000s ]
INFO: [ app_init ] --END-- [ RunTime:0.000000s ]
ERR: 无法加载控制器:Public

[ 2015-08-12T09:54:56+08:00 ] 192.168.1.109 /huawei/trouble/mobile/Public/sound/xxsys.mp3
INFO: [ app_init ] --START--
INFO: Run Behavior\BuildLiteBehavior [ RunTime:0.000000s ]
INFO: [ app_init ] --END-- [ RunTime:0.000000s ]
ERR: 无法加载控制器:Public

[ 2015-08-12T09:54:57+08:00 ] 192.168.1.109 /huawei/trouble/mobile/Public/sound/xxsys.mp3
INFO: [ app_init ] --START--
INFO: Run Behavior\BuildLiteBehavior [ RunTime:0.000000s ]
INFO: [ app_init ] --END-- [ RunTime:0.001000s ]
ERR: 无法加载控制器:Public

[ 2015-08-12T09:54:59+08:00 ] 192.168.1.109 /huawei/trouble/mobile/Public/sound/xxsys.mp3
INFO: [ app_init ] --START--
INFO: Run Behavior\BuildLiteBehavior [ RunTime:0.000000s ]
INFO: [ app_init ] --END-- [ RunTime:0.000000s ]
ERR: 无法加载控制器:Public

[ 2015-08-12T09:55:26+08:00 ] 192.168.1.109 /huawei/trouble/mobile/Public/sound/xxsys.mp3
INFO: [ app_init ] --START--
INFO: Run Behavior\BuildLiteBehavior [ RunTime:0.000000s ]
INFO: [ app_init ] --END-- [ RunTime:0.001000s ]
ERR: 无法加载控制器:Public

[ 2015-08-12T09:55:40+08:00 ] 192.168.1.109 /huawei/trouble/mobile/Public/sound/xxsys.mp3
INFO: [ app_init ] --START--
INFO: Run Behavior\BuildLiteBehavior [ RunTime:0.000000s ]
INFO: [ app_init ] --END-- [ RunTime:0.000000s ]
ERR: 无法加载控制器:Public

